<?xml version="1.0" encoding="UTF-8"?>
<testng-results skipped="0" failed="3" ignored="0" total="57" passed="54">
  <reporter-output>
  </reporter-output>
  <suite name="Command line suite" duration-ms="409219" started-at="2023-06-04T13:03:54 MDT" finished-at="2023-06-04T13:10:43 MDT">
    <groups>
    </groups>
    <test name="Command line test" duration-ms="409219" started-at="2023-06-04T13:03:54 MDT" finished-at="2023-06-04T13:10:43 MDT">
      <class name="scripts._07_TGDynamicElementsTest">
        <test-method status="PASS" signature="setUp()[pri:0, instance:scripts._07_TGDynamicElementsTest@2ac273d3]" name="setUp" is-config="true" duration-ms="1586" started-at="2023-06-04T13:07:17 MDT" finished-at="2023-06-04T13:07:19 MDT">
          <reporter-output>
          </reporter-output>
        </test-method> <!-- setUp -->
        <test-method status="PASS" signature="setPage()[pri:0, instance:scripts._07_TGDynamicElementsTest@2ac273d3]" name="setPage" is-config="true" duration-ms="1376" started-at="2023-06-04T13:07:19 MDT" finished-at="2023-06-04T13:07:20 MDT">
          <reporter-output>
          </reporter-output>
        </test-method> <!-- setPage -->
        <test-method status="PASS" signature="validateDynamicElementBothBoxes()[pri:0, instance:scripts._07_TGDynamicElementsTest@2ac273d3]" name="validateDynamicElementBothBoxes" duration-ms="154" started-at="2023-06-04T13:07:20 MDT" finished-at="2023-06-04T13:07:20 MDT">
          <reporter-output>
          </reporter-output>
        </test-method> <!-- validateDynamicElementBothBoxes -->
        <test-method status="PASS" signature="tearDown()[pri:0, instance:scripts._07_TGDynamicElementsTest@2ac273d3]" name="tearDown" is-config="true" duration-ms="806" started-at="2023-06-04T13:07:20 MDT" finished-at="2023-06-04T13:07:21 MDT">
          <reporter-output>
          </reporter-output>
        </test-method> <!-- tearDown -->
        <test-method status="PASS" signature="setUp()[pri:0, instance:scripts._07_TGDynamicElementsTest@2ac273d3]" name="setUp" is-config="true" duration-ms="1488" started-at="2023-06-04T13:07:21 MDT" finished-at="2023-06-04T13:07:23 MDT">
          <reporter-output>
          </reporter-output>
        </test-method> <!-- setUp -->
        <test-method status="PASS" signature="setPage()[pri:0, instance:scripts._07_TGDynamicElementsTest@2ac273d3]" name="setPage" is-config="true" duration-ms="1191" started-at="2023-06-04T13:07:23 MDT" finished-at="2023-06-04T13:07:24 MDT">
          <reporter-output>
          </reporter-output>
        </test-method> <!-- setPage -->
        <test-method status="PASS" signature="validateDynamicElementBox1()[pri:0, instance:scripts._07_TGDynamicElementsTest@2ac273d3]" name="validateDynamicElementBox1" duration-ms="85" started-at="2023-06-04T13:07:24 MDT" finished-at="2023-06-04T13:07:24 MDT">
          <reporter-output>
          </reporter-output>
        </test-method> <!-- validateDynamicElementBox1 -->
        <test-method status="PASS" signature="tearDown()[pri:0, instance:scripts._07_TGDynamicElementsTest@2ac273d3]" name="tearDown" is-config="true" duration-ms="711" started-at="2023-06-04T13:07:24 MDT" finished-at="2023-06-04T13:07:25 MDT">
          <reporter-output>
          </reporter-output>
        </test-method> <!-- tearDown -->
        <test-method status="PASS" signature="setUp()[pri:0, instance:scripts._07_TGDynamicElementsTest@2ac273d3]" name="setUp" is-config="true" duration-ms="2016" started-at="2023-06-04T13:07:25 MDT" finished-at="2023-06-04T13:07:27 MDT">
          <reporter-output>
          </reporter-output>
        </test-method> <!-- setUp -->
        <test-method status="PASS" signature="setPage()[pri:0, instance:scripts._07_TGDynamicElementsTest@2ac273d3]" name="setPage" is-config="true" duration-ms="1567" started-at="2023-06-04T13:07:27 MDT" finished-at="2023-06-04T13:07:28 MDT">
          <reporter-output>
          </reporter-output>
        </test-method> <!-- setPage -->
        <test-method status="PASS" signature="validateDynamicElementBox2()[pri:0, instance:scripts._07_TGDynamicElementsTest@2ac273d3]" name="validateDynamicElementBox2" duration-ms="74" started-at="2023-06-04T13:07:28 MDT" finished-at="2023-06-04T13:07:28 MDT">
          <reporter-output>
          </reporter-output>
        </test-method> <!-- validateDynamicElementBox2 -->
        <test-method status="PASS" signature="tearDown()[pri:0, instance:scripts._07_TGDynamicElementsTest@2ac273d3]" name="tearDown" is-config="true" duration-ms="713" started-at="2023-06-04T13:07:28 MDT" finished-at="2023-06-04T13:07:29 MDT">
          <reporter-output>
          </reporter-output>
        </test-method> <!-- tearDown -->
      </class> <!-- scripts._07_TGDynamicElementsTest -->
      <class name="scripts._08_TGWaitsTest">
        <test-method status="PASS" signature="setUp()[pri:0, instance:scripts._08_TGWaitsTest@71423665]" name="setUp" is-config="true" duration-ms="1439" started-at="2023-06-04T13:07:29 MDT" finished-at="2023-06-04T13:07:30 MDT">
          <reporter-output>
          </reporter-output>
        </test-method> <!-- setUp -->
        <test-method status="PASS" signature="setPage()[pri:0, instance:scripts._08_TGWaitsTest@71423665]" name="setPage" is-config="true" duration-ms="1074" started-at="2023-06-04T13:07:30 MDT" finished-at="2023-06-04T13:07:32 MDT">
          <reporter-output>
          </reporter-output>
        </test-method> <!-- setPage -->
        <test-method status="PASS" signature="validateRedBox()[pri:0, instance:scripts._08_TGWaitsTest@71423665]" name="validateRedBox" duration-ms="10101" started-at="2023-06-04T13:07:32 MDT" finished-at="2023-06-04T13:07:42 MDT">
          <reporter-output>
          </reporter-output>
        </test-method> <!-- validateRedBox -->
        <test-method status="PASS" signature="tearDown()[pri:0, instance:scripts._08_TGWaitsTest@71423665]" name="tearDown" is-config="true" duration-ms="738" started-at="2023-06-04T13:07:42 MDT" finished-at="2023-06-04T13:07:42 MDT">
          <reporter-output>
          </reporter-output>
        </test-method> <!-- tearDown -->
        <test-method status="PASS" signature="setUp()[pri:0, instance:scripts._08_TGWaitsTest@71423665]" name="setUp" is-config="true" duration-ms="1997" started-at="2023-06-04T13:07:42 MDT" finished-at="2023-06-04T13:07:44 MDT">
          <reporter-output>
          </reporter-output>
        </test-method> <!-- setUp -->
        <test-method status="PASS" signature="setPage()[pri:0, instance:scripts._08_TGWaitsTest@71423665]" name="setPage" is-config="true" duration-ms="1224" started-at="2023-06-04T13:07:44 MDT" finished-at="2023-06-04T13:07:46 MDT">
          <reporter-output>
          </reporter-output>
        </test-method> <!-- setPage -->
        <test-method status="FAIL" signature="waitForBlueBox()[pri:0, instance:scripts._08_TGWaitsTest@71423665]" name="waitForBlueBox" duration-ms="30080" started-at="2023-06-04T13:07:46 MDT" finished-at="2023-06-04T13:08:16 MDT">
          <exception class="org.openqa.selenium.NoSuchElementException">
            <message>
              <![CDATA[no such element: Unable to locate element: {"method":"css selector","selector":"button[class*='blue_box']"}
  (Session info: chrome=114.0.5735.90)
For documentation on this error, please visit: https://www.seleniumhq.org/exceptions/no_such_element.html
Build info: version: '3.141.59', revision: 'e82be7d358', time: '2018-11-14T08:17:03'
System info: host: 'LAPTOP-CF98PN2R', ip: '192.168.1.70', os.name: 'Windows 11', os.arch: 'amd64', os.version: '10.0', java.version: '1.8.0_361'
Driver info: org.openqa.selenium.chrome.ChromeDriver
Capabilities {acceptInsecureCerts: false, browserName: chrome, browserVersion: 114.0.5735.90, chrome: {chromedriverVersion: 114.0.5735.90 (386bc09e8f4f..., userDataDir: C:\Users\CIHANA~1\AppData\L...}, goog:chromeOptions: {debuggerAddress: localhost:50102}, javascriptEnabled: true, networkConnectionEnabled: false, pageLoadStrategy: normal, platform: WINDOWS, platformName: WINDOWS, proxy: Proxy(), setWindowRect: true, strictFileInteractability: false, timeouts: {implicit: 0, pageLoad: 300000, script: 30000}, unhandledPromptBehavior: dismiss and notify, webauthn:extension:credBlob: true, webauthn:extension:largeBlob: true, webauthn:extension:minPinLength: true, webauthn:extension:prf: true, webauthn:virtualAuthenticators: true}
Session ID: 7b52d8e65587b6563bd377860022efc2
*** Element info: {Using=css selector, value=button[class*='blue_box']}]]>
            </message>
            <full-stacktrace>
              <![CDATA[org.openqa.selenium.NoSuchElementException: no such element: Unable to locate element: {"method":"css selector","selector":"button[class*='blue_box']"}
  (Session info: chrome=114.0.5735.90)
For documentation on this error, please visit: https://www.seleniumhq.org/exceptions/no_such_element.html
Build info: version: '3.141.59', revision: 'e82be7d358', time: '2018-11-14T08:17:03'
System info: host: 'LAPTOP-CF98PN2R', ip: '192.168.1.70', os.name: 'Windows 11', os.arch: 'amd64', os.version: '10.0', java.version: '1.8.0_361'
Driver info: org.openqa.selenium.chrome.ChromeDriver
Capabilities {acceptInsecureCerts: false, browserName: chrome, browserVersion: 114.0.5735.90, chrome: {chromedriverVersion: 114.0.5735.90 (386bc09e8f4f..., userDataDir: C:\Users\CIHANA~1\AppData\L...}, goog:chromeOptions: {debuggerAddress: localhost:50102}, javascriptEnabled: true, networkConnectionEnabled: false, pageLoadStrategy: normal, platform: WINDOWS, platformName: WINDOWS, proxy: Proxy(), setWindowRect: true, strictFileInteractability: false, timeouts: {implicit: 0, pageLoad: 300000, script: 30000}, unhandledPromptBehavior: dismiss and notify, webauthn:extension:credBlob: true, webauthn:extension:largeBlob: true, webauthn:extension:minPinLength: true, webauthn:extension:prf: true, webauthn:virtualAuthenticators: true}
Session ID: 7b52d8e65587b6563bd377860022efc2
*** Element info: {Using=css selector, value=button[class*='blue_box']}
at sun.reflect.NativeConstructorAccessorImpl.newInstance0(Native Method)
at sun.reflect.NativeConstructorAccessorImpl.newInstance(NativeConstructorAccessorImpl.java:62)
at sun.reflect.DelegatingConstructorAccessorImpl.newInstance(DelegatingConstructorAccessorImpl.java:45)
at java.lang.reflect.Constructor.newInstance(Constructor.java:423)
at org.openqa.selenium.remote.http.W3CHttpResponseCodec.createException(W3CHttpResponseCodec.java:187)
at org.openqa.selenium.remote.http.W3CHttpResponseCodec.decode(W3CHttpResponseCodec.java:122)
at org.openqa.selenium.remote.http.W3CHttpResponseCodec.decode(W3CHttpResponseCodec.java:49)
at org.openqa.selenium.remote.HttpCommandExecutor.execute(HttpCommandExecutor.java:158)
at org.openqa.selenium.remote.service.DriverCommandExecutor.execute(DriverCommandExecutor.java:83)
at org.openqa.selenium.remote.RemoteWebDriver.execute(RemoteWebDriver.java:552)
at org.openqa.selenium.remote.RemoteWebDriver.findElement(RemoteWebDriver.java:323)
at org.openqa.selenium.remote.RemoteWebDriver.findElementByCssSelector(RemoteWebDriver.java:420)
at org.openqa.selenium.By$ByCssSelector.findElement(By.java:431)
at org.openqa.selenium.remote.RemoteWebDriver.findElement(RemoteWebDriver.java:315)
at scripts._08_TGWaitsTest.waitForBlueBox(_08_TGWaitsTest.java:43)
at sun.reflect.NativeMethodAccessorImpl.invoke0(Native Method)
at sun.reflect.NativeMethodAccessorImpl.invoke(NativeMethodAccessorImpl.java:62)
at sun.reflect.DelegatingMethodAccessorImpl.invoke(DelegatingMethodAccessorImpl.java:43)
at java.lang.reflect.Method.invoke(Method.java:498)
at org.testng.internal.MethodInvocationHelper.invokeMethod(MethodInvocationHelper.java:134)
at org.testng.internal.TestInvoker.invokeMethod(TestInvoker.java:597)
at org.testng.internal.TestInvoker.invokeTestMethod(TestInvoker.java:173)
at org.testng.internal.MethodRunner.runInSequence(MethodRunner.java:46)
at org.testng.internal.TestInvoker$MethodInvocationAgent.invoke(TestInvoker.java:816)
at org.testng.internal.TestInvoker.invokeTestMethods(TestInvoker.java:146)
at org.testng.internal.TestMethodWorker.invokeTestMethods(TestMethodWorker.java:146)
at org.testng.internal.TestMethodWorker.run(TestMethodWorker.java:128)
at java.util.ArrayList.forEach(ArrayList.java:1259)
at org.testng.TestRunner.privateRun(TestRunner.java:766)
at org.testng.TestRunner.run(TestRunner.java:587)
at org.testng.SuiteRunner.runTest(SuiteRunner.java:384)
at org.testng.SuiteRunner.runSequentially(SuiteRunner.java:378)
at org.testng.SuiteRunner.privateRun(SuiteRunner.java:337)
at org.testng.SuiteRunner.run(SuiteRunner.java:286)
at org.testng.SuiteRunnerWorker.runSuite(SuiteRunnerWorker.java:53)
at org.testng.SuiteRunnerWorker.run(SuiteRunnerWorker.java:96)
at org.testng.TestNG.runSuitesSequentially(TestNG.java:1187)
at org.testng.TestNG.runSuitesLocally(TestNG.java:1109)
at org.testng.TestNG.runSuites(TestNG.java:1039)
at org.testng.TestNG.run(TestNG.java:1007)
at org.apache.maven.surefire.testng.TestNGExecutor.run(TestNGExecutor.java:77)
at org.apache.maven.surefire.testng.TestNGDirectoryTestSuite.executeMulti(TestNGDirectoryTestSuite.java:159)
at org.apache.maven.surefire.testng.TestNGDirectoryTestSuite.execute(TestNGDirectoryTestSuite.java:99)
at org.apache.maven.surefire.testng.TestNGProvider.invoke(TestNGProvider.java:106)
at sun.reflect.NativeMethodAccessorImpl.invoke0(Native Method)
at sun.reflect.NativeMethodAccessorImpl.invoke(NativeMethodAccessorImpl.java:62)
at sun.reflect.DelegatingMethodAccessorImpl.invoke(DelegatingMethodAccessorImpl.java:43)
at java.lang.reflect.Method.invoke(Method.java:498)
at org.apache.maven.surefire.util.ReflectionUtils.invokeMethodWithArray(ReflectionUtils.java:189)
at org.apache.maven.surefire.booter.ProviderFactory$ProviderProxy.invoke(ProviderFactory.java:165)
at org.apache.maven.surefire.booter.ProviderFactory.invokeProvider(ProviderFactory.java:85)
at org.apache.maven.surefire.booter.ForkedBooter.runSuitesInProcess(ForkedBooter.java:115)
at org.apache.maven.surefire.booter.ForkedBooter.main(ForkedBooter.java:75)
]]>
            </full-stacktrace>
          </exception> <!-- org.openqa.selenium.NoSuchElementException -->
          <reporter-output>
          </reporter-output>
        </test-method> <!-- waitForBlueBox -->
        <test-method status="PASS" signature="tearDown()[pri:0, instance:scripts._08_TGWaitsTest@71423665]" name="tearDown" is-config="true" duration-ms="709" started-at="2023-06-04T13:08:16 MDT" finished-at="2023-06-04T13:08:16 MDT">
          <reporter-output>
          </reporter-output>
        </test-method> <!-- tearDown -->
      </class> <!-- scripts._08_TGWaitsTest -->
      <class name="scripts._13_IFrameTest">
        <test-method status="PASS" signature="setUp()[pri:0, instance:scripts._13_IFrameTest@5abca1e0]" name="setUp" is-config="true" duration-ms="1805" started-at="2023-06-04T13:09:23 MDT" finished-at="2023-06-04T13:09:25 MDT">
          <reporter-output>
          </reporter-output>
        </test-method> <!-- setUp -->
        <test-method status="PASS" signature="setPage()[pri:0, instance:scripts._13_IFrameTest@5abca1e0]" name="setPage" is-config="true" duration-ms="1314" started-at="2023-06-04T13:09:25 MDT" finished-at="2023-06-04T13:09:27 MDT">
          <reporter-output>
          </reporter-output>
        </test-method> <!-- setPage -->
        <test-method status="PASS" signature="validateTheParagraph()[pri:1, instance:scripts._13_IFrameTest@5abca1e0]" name="validateTheParagraph" duration-ms="262" started-at="2023-06-04T13:09:27 MDT" description="TC123: Validate the IFrame Page content paragraph" finished-at="2023-06-04T13:09:27 MDT">
          <reporter-output>
          </reporter-output>
        </test-method> <!-- validateTheParagraph -->
        <test-method status="PASS" signature="tearDown()[pri:0, instance:scripts._13_IFrameTest@5abca1e0]" name="tearDown" is-config="true" duration-ms="685" started-at="2023-06-04T13:09:27 MDT" finished-at="2023-06-04T13:09:27 MDT">
          <reporter-output>
          </reporter-output>
        </test-method> <!-- tearDown -->
        <test-method status="PASS" signature="setUp()[pri:0, instance:scripts._13_IFrameTest@5abca1e0]" name="setUp" is-config="true" duration-ms="1924" started-at="2023-06-04T13:09:27 MDT" finished-at="2023-06-04T13:09:29 MDT">
          <reporter-output>
          </reporter-output>
        </test-method> <!-- setUp -->
        <test-method status="PASS" signature="setPage()[pri:0, instance:scripts._13_IFrameTest@5abca1e0]" name="setPage" is-config="true" duration-ms="1307" started-at="2023-06-04T13:09:29 MDT" finished-at="2023-06-04T13:09:31 MDT">
          <reporter-output>
          </reporter-output>
        </test-method> <!-- setPage -->
        <test-method status="PASS" signature="validateTheFormSubmission()[pri:2, instance:scripts._13_IFrameTest@5abca1e0]" name="validateTheFormSubmission" duration-ms="1280" started-at="2023-06-04T13:09:31 MDT" description="TC345 Validate the form submission" finished-at="2023-06-04T13:09:32 MDT">
          <reporter-output>
          </reporter-output>
        </test-method> <!-- validateTheFormSubmission -->
        <test-method status="PASS" signature="tearDown()[pri:0, instance:scripts._13_IFrameTest@5abca1e0]" name="tearDown" is-config="true" duration-ms="806" started-at="2023-06-04T13:09:32 MDT" finished-at="2023-06-04T13:09:33 MDT">
          <reporter-output>
          </reporter-output>
        </test-method> <!-- tearDown -->
      </class> <!-- scripts._13_IFrameTest -->
      <class name="scripts._01_ProjectTest">
        <test-method status="PASS" signature="setUp()[pri:0, instance:scripts._01_ProjectTest@52a86356]" name="setUp" is-config="true" duration-ms="1564" started-at="2023-06-04T13:04:36 MDT" finished-at="2023-06-04T13:04:37 MDT">
          <reporter-output>
          </reporter-output>
        </test-method> <!-- setUp -->
        <test-method status="PASS" signature="setPage()[pri:0, instance:scripts._01_ProjectTest@52a86356]" name="setPage" is-config="true" duration-ms="987" started-at="2023-06-04T13:04:37 MDT" finished-at="2023-06-04T13:04:38 MDT">
          <reporter-output>
          </reporter-output>
        </test-method> <!-- setPage -->
        <test-method status="PASS" signature="validateAddress()[pri:0, instance:scripts._01_ProjectTest@52a86356]" name="validateAddress" duration-ms="256" started-at="2023-06-04T13:04:38 MDT" finished-at="2023-06-04T13:04:39 MDT">
          <reporter-output>
          </reporter-output>
        </test-method> <!-- validateAddress -->
        <test-method status="PASS" signature="tearDown()[pri:0, instance:scripts._01_ProjectTest@52a86356]" name="tearDown" is-config="true" duration-ms="747" started-at="2023-06-04T13:04:39 MDT" finished-at="2023-06-04T13:04:39 MDT">
          <reporter-output>
          </reporter-output>
        </test-method> <!-- tearDown -->
        <test-method status="PASS" signature="setUp()[pri:0, instance:scripts._01_ProjectTest@52a86356]" name="setUp" is-config="true" duration-ms="1687" started-at="2023-06-04T13:04:39 MDT" finished-at="2023-06-04T13:04:41 MDT">
          <reporter-output>
          </reporter-output>
        </test-method> <!-- setUp -->
        <test-method status="PASS" signature="setPage()[pri:0, instance:scripts._01_ProjectTest@52a86356]" name="setPage" is-config="true" duration-ms="1072" started-at="2023-06-04T13:04:41 MDT" finished-at="2023-06-04T13:04:42 MDT">
          <reporter-output>
          </reporter-output>
        </test-method> <!-- setPage -->
        <test-method status="PASS" signature="validateConsentCheckBox()[pri:0, instance:scripts._01_ProjectTest@52a86356]" name="validateConsentCheckBox" duration-ms="364" started-at="2023-06-04T13:04:42 MDT" finished-at="2023-06-04T13:04:43 MDT">
          <reporter-output>
          </reporter-output>
        </test-method> <!-- validateConsentCheckBox -->
        <test-method status="PASS" signature="tearDown()[pri:0, instance:scripts._01_ProjectTest@52a86356]" name="tearDown" is-config="true" duration-ms="752" started-at="2023-06-04T13:04:43 MDT" finished-at="2023-06-04T13:04:43 MDT">
          <reporter-output>
          </reporter-output>
        </test-method> <!-- tearDown -->
        <test-method status="PASS" signature="setUp()[pri:0, instance:scripts._01_ProjectTest@52a86356]" name="setUp" is-config="true" duration-ms="1678" started-at="2023-06-04T13:04:43 MDT" finished-at="2023-06-04T13:04:45 MDT">
          <reporter-output>
          </reporter-output>
        </test-method> <!-- setUp -->
        <test-method status="PASS" signature="setPage()[pri:0, instance:scripts._01_ProjectTest@52a86356]" name="setPage" is-config="true" duration-ms="1063" started-at="2023-06-04T13:04:45 MDT" finished-at="2023-06-04T13:04:46 MDT">
          <reporter-output>
          </reporter-output>
        </test-method> <!-- setPage -->
        <test-method status="PASS" signature="validateContactUsInfo()[pri:0, instance:scripts._01_ProjectTest@52a86356]" name="validateContactUsInfo" duration-ms="297" started-at="2023-06-04T13:04:46 MDT" finished-at="2023-06-04T13:04:46 MDT">
          <reporter-output>
          </reporter-output>
        </test-method> <!-- validateContactUsInfo -->
        <test-method status="PASS" signature="tearDown()[pri:0, instance:scripts._01_ProjectTest@52a86356]" name="tearDown" is-config="true" duration-ms="730" started-at="2023-06-04T13:04:46 MDT" finished-at="2023-06-04T13:04:47 MDT">
          <reporter-output>
          </reporter-output>
        </test-method> <!-- tearDown -->
        <test-method status="PASS" signature="setUp()[pri:0, instance:scripts._01_ProjectTest@52a86356]" name="setUp" is-config="true" duration-ms="2105" started-at="2023-06-04T13:04:47 MDT" finished-at="2023-06-04T13:04:49 MDT">
          <reporter-output>
          </reporter-output>
        </test-method> <!-- setUp -->
        <test-method status="PASS" signature="setPage()[pri:0, instance:scripts._01_ProjectTest@52a86356]" name="setPage" is-config="true" duration-ms="1299" started-at="2023-06-04T13:04:49 MDT" finished-at="2023-06-04T13:04:50 MDT">
          <reporter-output>
          </reporter-output>
        </test-method> <!-- setPage -->
        <test-method status="PASS" signature="validateEmail()[pri:0, instance:scripts._01_ProjectTest@52a86356]" name="validateEmail" duration-ms="210" started-at="2023-06-04T13:04:50 MDT" finished-at="2023-06-04T13:04:51 MDT">
          <reporter-output>
          </reporter-output>
        </test-method> <!-- validateEmail -->
        <test-method status="PASS" signature="tearDown()[pri:0, instance:scripts._01_ProjectTest@52a86356]" name="tearDown" is-config="true" duration-ms="790" started-at="2023-06-04T13:04:51 MDT" finished-at="2023-06-04T13:04:51 MDT">
          <reporter-output>
          </reporter-output>
        </test-method> <!-- tearDown -->
        <test-method status="PASS" signature="setUp()[pri:0, instance:scripts._01_ProjectTest@52a86356]" name="setUp" is-config="true" duration-ms="2578" started-at="2023-06-04T13:04:51 MDT" finished-at="2023-06-04T13:04:54 MDT">
          <reporter-output>
          </reporter-output>
        </test-method> <!-- setUp -->
        <test-method status="PASS" signature="setPage()[pri:0, instance:scripts._01_ProjectTest@52a86356]" name="setPage" is-config="true" duration-ms="1169" started-at="2023-06-04T13:04:54 MDT" finished-at="2023-06-04T13:04:55 MDT">
          <reporter-output>
          </reporter-output>
        </test-method> <!-- setPage -->
        <test-method status="PASS" signature="validateFullNameInputBox()[pri:0, instance:scripts._01_ProjectTest@52a86356]" name="validateFullNameInputBox" duration-ms="248" started-at="2023-06-04T13:04:55 MDT" finished-at="2023-06-04T13:04:55 MDT">
          <reporter-output>
          </reporter-output>
        </test-method> <!-- validateFullNameInputBox -->
        <test-method status="PASS" signature="tearDown()[pri:0, instance:scripts._01_ProjectTest@52a86356]" name="tearDown" is-config="true" duration-ms="797" started-at="2023-06-04T13:04:55 MDT" finished-at="2023-06-04T13:04:56 MDT">
          <reporter-output>
          </reporter-output>
        </test-method> <!-- tearDown -->
        <test-method status="PASS" signature="setUp()[pri:0, instance:scripts._01_ProjectTest@52a86356]" name="setUp" is-config="true" duration-ms="2839" started-at="2023-06-04T13:04:56 MDT" finished-at="2023-06-04T13:04:59 MDT">
          <reporter-output>
          </reporter-output>
        </test-method> <!-- setUp -->
        <test-method status="PASS" signature="setPage()[pri:0, instance:scripts._01_ProjectTest@52a86356]" name="setPage" is-config="true" duration-ms="1059" started-at="2023-06-04T13:04:59 MDT" finished-at="2023-06-04T13:05:00 MDT">
          <reporter-output>
          </reporter-output>
        </test-method> <!-- setPage -->
        <test-method status="PASS" signature="validateGenderRadioButton()[pri:0, instance:scripts._01_ProjectTest@52a86356]" name="validateGenderRadioButton" duration-ms="8519" started-at="2023-06-04T13:05:00 MDT" finished-at="2023-06-04T13:05:09 MDT">
          <reporter-output>
          </reporter-output>
        </test-method> <!-- validateGenderRadioButton -->
        <test-method status="PASS" signature="tearDown()[pri:0, instance:scripts._01_ProjectTest@52a86356]" name="tearDown" is-config="true" duration-ms="748" started-at="2023-06-04T13:05:09 MDT" finished-at="2023-06-04T13:05:09 MDT">
          <reporter-output>
          </reporter-output>
        </test-method> <!-- tearDown -->
        <test-method status="PASS" signature="setUp()[pri:0, instance:scripts._01_ProjectTest@52a86356]" name="setUp" is-config="true" duration-ms="1617" started-at="2023-06-04T13:05:09 MDT" finished-at="2023-06-04T13:05:11 MDT">
          <reporter-output>
          </reporter-output>
        </test-method> <!-- setUp -->
        <test-method status="PASS" signature="setPage()[pri:0, instance:scripts._01_ProjectTest@52a86356]" name="setPage" is-config="true" duration-ms="1050" started-at="2023-06-04T13:05:11 MDT" finished-at="2023-06-04T13:05:12 MDT">
          <reporter-output>
          </reporter-output>
        </test-method> <!-- setPage -->
        <test-method status="PASS" signature="validateMessage()[pri:0, instance:scripts._01_ProjectTest@52a86356]" name="validateMessage" duration-ms="217" started-at="2023-06-04T13:05:12 MDT" finished-at="2023-06-04T13:05:12 MDT">
          <reporter-output>
          </reporter-output>
        </test-method> <!-- validateMessage -->
        <test-method status="PASS" signature="tearDown()[pri:0, instance:scripts._01_ProjectTest@52a86356]" name="tearDown" is-config="true" duration-ms="705" started-at="2023-06-04T13:05:12 MDT" finished-at="2023-06-04T13:05:13 MDT">
          <reporter-output>
          </reporter-output>
        </test-method> <!-- tearDown -->
        <test-method status="PASS" signature="setUp()[pri:0, instance:scripts._01_ProjectTest@52a86356]" name="setUp" is-config="true" duration-ms="1445" started-at="2023-06-04T13:05:13 MDT" finished-at="2023-06-04T13:05:14 MDT">
          <reporter-output>
          </reporter-output>
        </test-method> <!-- setUp -->
        <test-method status="PASS" signature="setPage()[pri:0, instance:scripts._01_ProjectTest@52a86356]" name="setPage" is-config="true" duration-ms="805" started-at="2023-06-04T13:05:14 MDT" finished-at="2023-06-04T13:05:15 MDT">
          <reporter-output>
          </reporter-output>
        </test-method> <!-- setPage -->
        <test-method status="PASS" signature="validatePhone()[pri:0, instance:scripts._01_ProjectTest@52a86356]" name="validatePhone" duration-ms="228" started-at="2023-06-04T13:05:15 MDT" finished-at="2023-06-04T13:05:15 MDT">
          <reporter-output>
          </reporter-output>
        </test-method> <!-- validatePhone -->
        <test-method status="PASS" signature="tearDown()[pri:0, instance:scripts._01_ProjectTest@52a86356]" name="tearDown" is-config="true" duration-ms="690" started-at="2023-06-04T13:05:15 MDT" finished-at="2023-06-04T13:05:16 MDT">
          <reporter-output>
          </reporter-output>
        </test-method> <!-- tearDown -->
        <test-method status="PASS" signature="setUp()[pri:0, instance:scripts._01_ProjectTest@52a86356]" name="setUp" is-config="true" duration-ms="1504" started-at="2023-06-04T13:05:16 MDT" finished-at="2023-06-04T13:05:18 MDT">
          <reporter-output>
          </reporter-output>
        </test-method> <!-- setUp -->
        <test-method status="PASS" signature="setPage()[pri:0, instance:scripts._01_ProjectTest@52a86356]" name="setPage" is-config="true" duration-ms="2475" started-at="2023-06-04T13:05:18 MDT" finished-at="2023-06-04T13:05:20 MDT">
          <reporter-output>
          </reporter-output>
        </test-method> <!-- setPage -->
        <test-method status="PASS" signature="validatesubmission()[pri:0, instance:scripts._01_ProjectTest@52a86356]" name="validatesubmission" duration-ms="183" started-at="2023-06-04T13:05:20 MDT" finished-at="2023-06-04T13:05:20 MDT">
          <reporter-output>
          </reporter-output>
        </test-method> <!-- validatesubmission -->
        <test-method status="PASS" signature="tearDown()[pri:0, instance:scripts._01_ProjectTest@52a86356]" name="tearDown" is-config="true" duration-ms="838" started-at="2023-06-04T13:05:20 MDT" finished-at="2023-06-04T13:05:21 MDT">
          <reporter-output>
          </reporter-output>
        </test-method> <!-- tearDown -->
        <test-method status="PASS" signature="setUp()[pri:0, instance:scripts._01_ProjectTest@52a86356]" name="setUp" is-config="true" duration-ms="1844" started-at="2023-06-04T13:05:21 MDT" finished-at="2023-06-04T13:05:23 MDT">
          <reporter-output>
          </reporter-output>
        </test-method> <!-- setUp -->
        <test-method status="PASS" signature="setPage()[pri:0, instance:scripts._01_ProjectTest@52a86356]" name="setPage" is-config="true" duration-ms="1265" started-at="2023-06-04T13:05:23 MDT" finished-at="2023-06-04T13:05:24 MDT">
          <reporter-output>
          </reporter-output>
        </test-method> <!-- setPage -->
        <test-method status="PASS" signature="validateTheFormSubmission()[pri:10, instance:scripts._01_ProjectTest@52a86356]" name="validateTheFormSubmission" duration-ms="31510" started-at="2023-06-04T13:05:24 MDT" description="Test Case 10 - Validate the form submission" finished-at="2023-06-04T13:05:56 MDT">
          <reporter-output>
          </reporter-output>
        </test-method> <!-- validateTheFormSubmission -->
        <test-method status="PASS" signature="tearDown()[pri:0, instance:scripts._01_ProjectTest@52a86356]" name="tearDown" is-config="true" duration-ms="892" started-at="2023-06-04T13:05:56 MDT" finished-at="2023-06-04T13:05:57 MDT">
          <reporter-output>
          </reporter-output>
        </test-method> <!-- tearDown -->
      </class> <!-- scripts._01_ProjectTest -->
      <class name="scripts._01_GoogleTest">
        <test-method status="PASS" signature="setup()[pri:0, instance:scripts._01_GoogleTest@66480dd7]" name="setup" is-config="true" duration-ms="3903" started-at="2023-06-04T13:03:54 MDT" finished-at="2023-06-04T13:03:58 MDT">
          <reporter-output>
          </reporter-output>
        </test-method> <!-- setup -->
        <test-method status="PASS" signature="validateNavigation()[pri:0, instance:scripts._01_GoogleTest@66480dd7]" name="validateNavigation" duration-ms="11086" started-at="2023-06-04T13:03:58 MDT" finished-at="2023-06-04T13:04:09 MDT">
          <reporter-output>
          </reporter-output>
        </test-method> <!-- validateNavigation -->
        <test-method status="PASS" signature="tearDown()[pri:0, instance:scripts._01_GoogleTest@66480dd7]" name="tearDown" is-config="true" duration-ms="4025" started-at="2023-06-04T13:04:09 MDT" finished-at="2023-06-04T13:04:13 MDT">
          <reporter-output>
          </reporter-output>
        </test-method> <!-- tearDown -->
        <test-method status="PASS" signature="setup()[pri:0, instance:scripts._01_GoogleTest@66480dd7]" name="setup" is-config="true" duration-ms="3191" started-at="2023-06-04T13:04:13 MDT" finished-at="2023-06-04T13:04:16 MDT">
          <reporter-output>
          </reporter-output>
        </test-method> <!-- setup -->
        <test-method status="PASS" signature="validateSearchButton()[pri:0, instance:scripts._01_GoogleTest@66480dd7]" name="validateSearchButton" duration-ms="208" started-at="2023-06-04T13:04:16 MDT" finished-at="2023-06-04T13:04:16 MDT">
          <reporter-output>
          </reporter-output>
        </test-method> <!-- validateSearchButton -->
        <test-method status="PASS" signature="tearDown()[pri:0, instance:scripts._01_GoogleTest@66480dd7]" name="tearDown" is-config="true" duration-ms="3924" started-at="2023-06-04T13:04:16 MDT" finished-at="2023-06-04T13:04:20 MDT">
          <reporter-output>
          </reporter-output>
        </test-method> <!-- tearDown -->
        <test-method status="PASS" signature="setup()[pri:0, instance:scripts._01_GoogleTest@66480dd7]" name="setup" is-config="true" duration-ms="3733" started-at="2023-06-04T13:04:20 MDT" finished-at="2023-06-04T13:04:24 MDT">
          <reporter-output>
          </reporter-output>
        </test-method> <!-- setup -->
        <test-method status="PASS" signature="validateTitleAndURL()[pri:1, instance:scripts._01_GoogleTest@66480dd7]" name="validateTitleAndURL" duration-ms="47" started-at="2023-06-04T13:04:24 MDT" finished-at="2023-06-04T13:04:24 MDT">
          <reporter-output>
          </reporter-output>
        </test-method> <!-- validateTitleAndURL -->
        <test-method status="PASS" signature="tearDown()[pri:0, instance:scripts._01_GoogleTest@66480dd7]" name="tearDown" is-config="true" duration-ms="3897" started-at="2023-06-04T13:04:24 MDT" finished-at="2023-06-04T13:04:28 MDT">
          <reporter-output>
          </reporter-output>
        </test-method> <!-- tearDown -->
        <test-method status="PASS" signature="setup()[pri:0, instance:scripts._01_GoogleTest@66480dd7]" name="setup" is-config="true" duration-ms="4131" started-at="2023-06-04T13:04:28 MDT" finished-at="2023-06-04T13:04:32 MDT">
          <reporter-output>
          </reporter-output>
        </test-method> <!-- setup -->
        <test-method status="PASS" signature="validateSearchBar()[pri:2, instance:scripts._01_GoogleTest@66480dd7]" name="validateSearchBar" duration-ms="66" started-at="2023-06-04T13:04:32 MDT" finished-at="2023-06-04T13:04:32 MDT">
          <reporter-output>
          </reporter-output>
        </test-method> <!-- validateSearchBar -->
        <test-method status="PASS" signature="tearDown()[pri:0, instance:scripts._01_GoogleTest@66480dd7]" name="tearDown" is-config="true" duration-ms="3759" started-at="2023-06-04T13:04:32 MDT" finished-at="2023-06-04T13:04:36 MDT">
          <reporter-output>
          </reporter-output>
        </test-method> <!-- tearDown -->
      </class> <!-- scripts._01_GoogleTest -->
      <class name="scripts._06_WikiTest">
        <test-method status="PASS" signature="setUp()[pri:0, instance:scripts._06_WikiTest@5383967b]" name="setUp" is-config="true" duration-ms="1924" started-at="2023-06-04T13:07:06 MDT" finished-at="2023-06-04T13:07:08 MDT">
          <reporter-output>
          </reporter-output>
        </test-method> <!-- setUp -->
        <test-method status="PASS" signature="setPage()[pri:0, instance:scripts._06_WikiTest@5383967b]" name="setPage" is-config="true" duration-ms="1207" started-at="2023-06-04T13:07:08 MDT" finished-at="2023-06-04T13:07:10 MDT">
          <reporter-output>
          </reporter-output>
        </test-method> <!-- setPage -->
        <test-method status="PASS" signature="validateWikiSearch1()[pri:0, instance:scripts._06_WikiTest@5383967b]" name="validateWikiSearch1" duration-ms="1682" started-at="2023-06-04T13:07:10 MDT" finished-at="2023-06-04T13:07:11 MDT">
          <reporter-output>
          </reporter-output>
        </test-method> <!-- validateWikiSearch1 -->
        <test-method status="PASS" signature="tearDown()[pri:0, instance:scripts._06_WikiTest@5383967b]" name="tearDown" is-config="true" duration-ms="1624" started-at="2023-06-04T13:07:11 MDT" finished-at="2023-06-04T13:07:13 MDT">
          <reporter-output>
          </reporter-output>
        </test-method> <!-- tearDown -->
        <test-method status="PASS" signature="setUp()[pri:0, instance:scripts._06_WikiTest@5383967b]" name="setUp" is-config="true" duration-ms="1592" started-at="2023-06-04T13:07:13 MDT" finished-at="2023-06-04T13:07:14 MDT">
          <reporter-output>
          </reporter-output>
        </test-method> <!-- setUp -->
        <test-method status="PASS" signature="setPage()[pri:0, instance:scripts._06_WikiTest@5383967b]" name="setPage" is-config="true" duration-ms="677" started-at="2023-06-04T13:07:14 MDT" finished-at="2023-06-04T13:07:15 MDT">
          <reporter-output>
          </reporter-output>
        </test-method> <!-- setPage -->
        <test-method status="PASS" signature="validateWikiSearch2()[pri:0, instance:scripts._06_WikiTest@5383967b]" name="validateWikiSearch2" duration-ms="1221" started-at="2023-06-04T13:07:15 MDT" finished-at="2023-06-04T13:07:16 MDT">
          <reporter-output>
          </reporter-output>
        </test-method> <!-- validateWikiSearch2 -->
        <test-method status="PASS" signature="tearDown()[pri:0, instance:scripts._06_WikiTest@5383967b]" name="tearDown" is-config="true" duration-ms="859" started-at="2023-06-04T13:07:16 MDT" finished-at="2023-06-04T13:07:17 MDT">
          <reporter-output>
          </reporter-output>
        </test-method> <!-- tearDown -->
      </class> <!-- scripts._06_WikiTest -->
      <class name="scripts._03_TGLocatorsTest">
        <test-method status="PASS" signature="setUp()[pri:0, instance:scripts._03_TGLocatorsTest@78c03f1f]" name="setUp" is-config="true" duration-ms="2428" started-at="2023-06-04T13:06:05 MDT" finished-at="2023-06-04T13:06:07 MDT">
          <reporter-output>
          </reporter-output>
        </test-method> <!-- setUp -->
        <test-method status="PASS" signature="setPage()[pri:0, instance:scripts._03_TGLocatorsTest@78c03f1f]" name="setPage" is-config="true" duration-ms="1184" started-at="2023-06-04T13:06:07 MDT" finished-at="2023-06-04T13:06:08 MDT">
          <reporter-output>
          </reporter-output>
        </test-method> <!-- setPage -->
        <test-method status="PASS" signature="validateKiwiParagraph()[pri:1, instance:scripts._03_TGLocatorsTest@78c03f1f]" name="validateKiwiParagraph" duration-ms="72" started-at="2023-06-04T13:06:08 MDT" finished-at="2023-06-04T13:06:08 MDT">
          <reporter-output>
          </reporter-output>
        </test-method> <!-- validateKiwiParagraph -->
        <test-method status="PASS" signature="tearDown()[pri:0, instance:scripts._03_TGLocatorsTest@78c03f1f]" name="tearDown" is-config="true" duration-ms="840" started-at="2023-06-04T13:06:08 MDT" finished-at="2023-06-04T13:06:09 MDT">
          <reporter-output>
          </reporter-output>
        </test-method> <!-- tearDown -->
        <test-method status="PASS" signature="setUp()[pri:0, instance:scripts._03_TGLocatorsTest@78c03f1f]" name="setUp" is-config="true" duration-ms="2324" started-at="2023-06-04T13:06:09 MDT" finished-at="2023-06-04T13:06:11 MDT">
          <reporter-output>
          </reporter-output>
        </test-method> <!-- setUp -->
        <test-method status="PASS" signature="setPage()[pri:0, instance:scripts._03_TGLocatorsTest@78c03f1f]" name="setPage" is-config="true" duration-ms="1215" started-at="2023-06-04T13:06:11 MDT" finished-at="2023-06-04T13:06:13 MDT">
          <reporter-output>
          </reporter-output>
        </test-method> <!-- setPage -->
        <test-method status="PASS" signature="validateOrangeParagraph()[pri:2, instance:scripts._03_TGLocatorsTest@78c03f1f]" name="validateOrangeParagraph" duration-ms="298" started-at="2023-06-04T13:06:13 MDT" finished-at="2023-06-04T13:06:13 MDT">
          <reporter-output>
          </reporter-output>
        </test-method> <!-- validateOrangeParagraph -->
        <test-method status="PASS" signature="tearDown()[pri:0, instance:scripts._03_TGLocatorsTest@78c03f1f]" name="tearDown" is-config="true" duration-ms="813" started-at="2023-06-04T13:06:13 MDT" finished-at="2023-06-04T13:06:14 MDT">
          <reporter-output>
          </reporter-output>
        </test-method> <!-- tearDown -->
        <test-method status="PASS" signature="setUp()[pri:0, instance:scripts._03_TGLocatorsTest@78c03f1f]" name="setUp" is-config="true" duration-ms="2606" started-at="2023-06-04T13:06:14 MDT" finished-at="2023-06-04T13:06:16 MDT">
          <reporter-output>
          </reporter-output>
        </test-method> <!-- setUp -->
        <test-method status="PASS" signature="setPage()[pri:0, instance:scripts._03_TGLocatorsTest@78c03f1f]" name="setPage" is-config="true" duration-ms="1134" started-at="2023-06-04T13:06:16 MDT" finished-at="2023-06-04T13:06:17 MDT">
          <reporter-output>
          </reporter-output>
        </test-method> <!-- setPage -->
        <test-method status="PASS" signature="validateGrapesParagraph()[pri:3, instance:scripts._03_TGLocatorsTest@78c03f1f]" name="validateGrapesParagraph" duration-ms="266" started-at="2023-06-04T13:06:17 MDT" finished-at="2023-06-04T13:06:18 MDT">
          <reporter-output>
          </reporter-output>
        </test-method> <!-- validateGrapesParagraph -->
        <test-method status="PASS" signature="tearDown()[pri:0, instance:scripts._03_TGLocatorsTest@78c03f1f]" name="tearDown" is-config="true" duration-ms="781" started-at="2023-06-04T13:06:18 MDT" finished-at="2023-06-04T13:06:19 MDT">
          <reporter-output>
          </reporter-output>
        </test-method> <!-- tearDown -->
        <test-method status="PASS" signature="setUp()[pri:0, instance:scripts._03_TGLocatorsTest@78c03f1f]" name="setUp" is-config="true" duration-ms="1618" started-at="2023-06-04T13:06:19 MDT" finished-at="2023-06-04T13:06:20 MDT">
          <reporter-output>
          </reporter-output>
        </test-method> <!-- setUp -->
        <test-method status="PASS" signature="setPage()[pri:0, instance:scripts._03_TGLocatorsTest@78c03f1f]" name="setPage" is-config="true" duration-ms="1910" started-at="2023-06-04T13:06:20 MDT" finished-at="2023-06-04T13:06:22 MDT">
          <reporter-output>
          </reporter-output>
        </test-method> <!-- setPage -->
        <test-method status="PASS" signature="validateAllParagraphs()[pri:4, instance:scripts._03_TGLocatorsTest@78c03f1f]" name="validateAllParagraphs" duration-ms="250" started-at="2023-06-04T13:06:22 MDT" finished-at="2023-06-04T13:06:22 MDT">
          <reporter-output>
          </reporter-output>
        </test-method> <!-- validateAllParagraphs -->
        <test-method status="PASS" signature="tearDown()[pri:0, instance:scripts._03_TGLocatorsTest@78c03f1f]" name="tearDown" is-config="true" duration-ms="710" started-at="2023-06-04T13:06:22 MDT" finished-at="2023-06-04T13:06:23 MDT">
          <reporter-output>
          </reporter-output>
        </test-method> <!-- tearDown -->
        <test-method status="PASS" signature="setUp()[pri:0, instance:scripts._03_TGLocatorsTest@78c03f1f]" name="setUp" is-config="true" duration-ms="1660" started-at="2023-06-04T13:06:23 MDT" finished-at="2023-06-04T13:06:25 MDT">
          <reporter-output>
          </reporter-output>
        </test-method> <!-- setUp -->
        <test-method status="PASS" signature="setPage()[pri:0, instance:scripts._03_TGLocatorsTest@78c03f1f]" name="setPage" is-config="true" duration-ms="1994" started-at="2023-06-04T13:06:25 MDT" finished-at="2023-06-04T13:06:27 MDT">
          <reporter-output>
          </reporter-output>
        </test-method> <!-- setPage -->
        <test-method status="PASS" signature="validateRedAppleLink()[pri:5, instance:scripts._03_TGLocatorsTest@78c03f1f]" name="validateRedAppleLink" duration-ms="408" started-at="2023-06-04T13:06:27 MDT" finished-at="2023-06-04T13:06:27 MDT">
          <reporter-output>
          </reporter-output>
        </test-method> <!-- validateRedAppleLink -->
        <test-method status="PASS" signature="tearDown()[pri:0, instance:scripts._03_TGLocatorsTest@78c03f1f]" name="tearDown" is-config="true" duration-ms="1011" started-at="2023-06-04T13:06:27 MDT" finished-at="2023-06-04T13:06:28 MDT">
          <reporter-output>
          </reporter-output>
        </test-method> <!-- tearDown -->
        <test-method status="PASS" signature="setUp()[pri:0, instance:scripts._03_TGLocatorsTest@78c03f1f]" name="setUp" is-config="true" duration-ms="1910" started-at="2023-06-04T13:06:28 MDT" finished-at="2023-06-04T13:06:30 MDT">
          <reporter-output>
          </reporter-output>
        </test-method> <!-- setUp -->
        <test-method status="PASS" signature="setPage()[pri:0, instance:scripts._03_TGLocatorsTest@78c03f1f]" name="setPage" is-config="true" duration-ms="2664" started-at="2023-06-04T13:06:30 MDT" finished-at="2023-06-04T13:06:33 MDT">
          <reporter-output>
          </reporter-output>
        </test-method> <!-- setPage -->
        <test-method status="PASS" signature="validateAllLinks()[pri:6, instance:scripts._03_TGLocatorsTest@78c03f1f]" name="validateAllLinks" duration-ms="540" started-at="2023-06-04T13:06:33 MDT" finished-at="2023-06-04T13:06:33 MDT">
          <reporter-output>
          </reporter-output>
        </test-method> <!-- validateAllLinks -->
        <test-method status="PASS" signature="tearDown()[pri:0, instance:scripts._03_TGLocatorsTest@78c03f1f]" name="tearDown" is-config="true" duration-ms="1530" started-at="2023-06-04T13:06:33 MDT" finished-at="2023-06-04T13:06:35 MDT">
          <reporter-output>
          </reporter-output>
        </test-method> <!-- tearDown -->
      </class> <!-- scripts._03_TGLocatorsTest -->
      <class name="scripts._05_FacebookTest">
        <test-method status="PASS" signature="setUp()[pri:0, instance:scripts._05_FacebookTest@4fe3c938]" name="setUp" is-config="true" duration-ms="2831" started-at="2023-06-04T13:06:56 MDT" finished-at="2023-06-04T13:06:58 MDT">
          <reporter-output>
          </reporter-output>
        </test-method> <!-- setUp -->
        <test-method status="PASS" signature="setPage()[pri:0, instance:scripts._05_FacebookTest@4fe3c938]" name="setPage" is-config="true" duration-ms="1602" started-at="2023-06-04T13:06:58 MDT" finished-at="2023-06-04T13:07:00 MDT">
          <reporter-output>
          </reporter-output>
        </test-method> <!-- setPage -->
        <test-method status="FAIL" signature="validateFacebookInvalidLoginAttempt()[pri:0, instance:scripts._05_FacebookTest@4fe3c938]" name="validateFacebookInvalidLoginAttempt" duration-ms="1121" started-at="2023-06-04T13:07:00 MDT" finished-at="2023-06-04T13:07:01 MDT">
          <exception class="java.lang.AssertionError">
            <message>
              <![CDATA[expected [The email you entered isn't connected to an account. Find your account and log in.] but found [The email you entered isn’t connected to an account. Find your account and log in.]]]>
            </message>
            <full-stacktrace>
              <![CDATA[java.lang.AssertionError: expected [The email you entered isn't connected to an account. Find your account and log in.] but found [The email you entered isn’t connected to an account. Find your account and log in.]
at org.testng.Assert.fail(Assert.java:97)
at org.testng.Assert.assertEqualsImpl(Assert.java:136)
at org.testng.Assert.assertEquals(Assert.java:118)
at org.testng.Assert.assertEquals(Assert.java:575)
at org.testng.Assert.assertEquals(Assert.java:585)
at scripts._05_FacebookTest.validateFacebookInvalidLoginAttempt(_05_FacebookTest.java:93)
at sun.reflect.NativeMethodAccessorImpl.invoke0(Native Method)
at sun.reflect.NativeMethodAccessorImpl.invoke(NativeMethodAccessorImpl.java:62)
at sun.reflect.DelegatingMethodAccessorImpl.invoke(DelegatingMethodAccessorImpl.java:43)
at java.lang.reflect.Method.invoke(Method.java:498)
at org.testng.internal.MethodInvocationHelper.invokeMethod(MethodInvocationHelper.java:134)
at org.testng.internal.TestInvoker.invokeMethod(TestInvoker.java:597)
at org.testng.internal.TestInvoker.invokeTestMethod(TestInvoker.java:173)
at org.testng.internal.MethodRunner.runInSequence(MethodRunner.java:46)
at org.testng.internal.TestInvoker$MethodInvocationAgent.invoke(TestInvoker.java:816)
at org.testng.internal.TestInvoker.invokeTestMethods(TestInvoker.java:146)
at org.testng.internal.TestMethodWorker.invokeTestMethods(TestMethodWorker.java:146)
at org.testng.internal.TestMethodWorker.run(TestMethodWorker.java:128)
at java.util.ArrayList.forEach(ArrayList.java:1259)
at org.testng.TestRunner.privateRun(TestRunner.java:766)
at org.testng.TestRunner.run(TestRunner.java:587)
at org.testng.SuiteRunner.runTest(SuiteRunner.java:384)
at org.testng.SuiteRunner.runSequentially(SuiteRunner.java:378)
at org.testng.SuiteRunner.privateRun(SuiteRunner.java:337)
at org.testng.SuiteRunner.run(SuiteRunner.java:286)
at org.testng.SuiteRunnerWorker.runSuite(SuiteRunnerWorker.java:53)
at org.testng.SuiteRunnerWorker.run(SuiteRunnerWorker.java:96)
at org.testng.TestNG.runSuitesSequentially(TestNG.java:1187)
at org.testng.TestNG.runSuitesLocally(TestNG.java:1109)
at org.testng.TestNG.runSuites(TestNG.java:1039)
at org.testng.TestNG.run(TestNG.java:1007)
at org.apache.maven.surefire.testng.TestNGExecutor.run(TestNGExecutor.java:77)
at org.apache.maven.surefire.testng.TestNGDirectoryTestSuite.executeMulti(TestNGDirectoryTestSuite.java:159)
at org.apache.maven.surefire.testng.TestNGDirectoryTestSuite.execute(TestNGDirectoryTestSuite.java:99)
at org.apache.maven.surefire.testng.TestNGProvider.invoke(TestNGProvider.java:106)
at sun.reflect.NativeMethodAccessorImpl.invoke0(Native Method)
at sun.reflect.NativeMethodAccessorImpl.invoke(NativeMethodAccessorImpl.java:62)
at sun.reflect.DelegatingMethodAccessorImpl.invoke(DelegatingMethodAccessorImpl.java:43)
at java.lang.reflect.Method.invoke(Method.java:498)
at org.apache.maven.surefire.util.ReflectionUtils.invokeMethodWithArray(ReflectionUtils.java:189)
at org.apache.maven.surefire.booter.ProviderFactory$ProviderProxy.invoke(ProviderFactory.java:165)
at org.apache.maven.surefire.booter.ProviderFactory.invokeProvider(ProviderFactory.java:85)
at org.apache.maven.surefire.booter.ForkedBooter.runSuitesInProcess(ForkedBooter.java:115)
at org.apache.maven.surefire.booter.ForkedBooter.main(ForkedBooter.java:75)
]]>
            </full-stacktrace>
          </exception> <!-- java.lang.AssertionError -->
          <reporter-output>
          </reporter-output>
        </test-method> <!-- validateFacebookInvalidLoginAttempt -->
        <test-method status="PASS" signature="tearDown()[pri:0, instance:scripts._05_FacebookTest@4fe3c938]" name="tearDown" is-config="true" duration-ms="843" started-at="2023-06-04T13:07:01 MDT" finished-at="2023-06-04T13:07:02 MDT">
          <reporter-output>
          </reporter-output>
        </test-method> <!-- tearDown -->
        <test-method status="PASS" signature="setUp()[pri:0, instance:scripts._05_FacebookTest@4fe3c938]" name="setUp" is-config="true" duration-ms="2071" started-at="2023-06-04T13:07:02 MDT" finished-at="2023-06-04T13:07:04 MDT">
          <reporter-output>
          </reporter-output>
        </test-method> <!-- setUp -->
        <test-method status="PASS" signature="setPage()[pri:0, instance:scripts._05_FacebookTest@4fe3c938]" name="setPage" is-config="true" duration-ms="1164" started-at="2023-06-04T13:07:04 MDT" finished-at="2023-06-04T13:07:05 MDT">
          <reporter-output>
          </reporter-output>
        </test-method> <!-- setPage -->
        <test-method status="PASS" signature="validateFacebookLoginForm()[pri:0, instance:scripts._05_FacebookTest@4fe3c938]" name="validateFacebookLoginForm" duration-ms="427" started-at="2023-06-04T13:07:05 MDT" finished-at="2023-06-04T13:07:06 MDT">
          <reporter-output>
          </reporter-output>
        </test-method> <!-- validateFacebookLoginForm -->
        <test-method status="PASS" signature="tearDown()[pri:0, instance:scripts._05_FacebookTest@4fe3c938]" name="tearDown" is-config="true" duration-ms="768" started-at="2023-06-04T13:07:06 MDT" finished-at="2023-06-04T13:07:06 MDT">
          <reporter-output>
          </reporter-output>
        </test-method> <!-- tearDown -->
      </class> <!-- scripts._05_FacebookTest -->
      <class name="scripts._17_TGStaticTableTest">
        <test-method status="PASS" signature="setUp()[pri:0, instance:scripts._17_TGStaticTableTest@4e9ba398]" name="setUp" is-config="true" duration-ms="1379" started-at="2023-06-04T13:10:11 MDT" finished-at="2023-06-04T13:10:13 MDT">
          <reporter-output>
          </reporter-output>
        </test-method> <!-- setUp -->
        <test-method status="PASS" signature="setPage()[pri:0, instance:scripts._17_TGStaticTableTest@4e9ba398]" name="setPage" is-config="true" duration-ms="908" started-at="2023-06-04T13:10:13 MDT" finished-at="2023-06-04T13:10:14 MDT">
          <reporter-output>
          </reporter-output>
        </test-method> <!-- setPage -->
        <test-method status="PASS" signature="validateEachCell()[pri:0, instance:scripts._17_TGStaticTableTest@4e9ba398]" name="validateEachCell" duration-ms="231" started-at="2023-06-04T13:10:14 MDT" finished-at="2023-06-04T13:10:14 MDT">
          <reporter-output>
          </reporter-output>
        </test-method> <!-- validateEachCell -->
        <test-method status="PASS" signature="tearDown()[pri:0, instance:scripts._17_TGStaticTableTest@4e9ba398]" name="tearDown" is-config="true" duration-ms="665" started-at="2023-06-04T13:10:14 MDT" finished-at="2023-06-04T13:10:15 MDT">
          <reporter-output>
          </reporter-output>
        </test-method> <!-- tearDown -->
        <test-method status="PASS" signature="setUp()[pri:0, instance:scripts._17_TGStaticTableTest@4e9ba398]" name="setUp" is-config="true" duration-ms="1485" started-at="2023-06-04T13:10:15 MDT" finished-at="2023-06-04T13:10:16 MDT">
          <reporter-output>
          </reporter-output>
        </test-method> <!-- setUp -->
        <test-method status="PASS" signature="setPage()[pri:0, instance:scripts._17_TGStaticTableTest@4e9ba398]" name="setPage" is-config="true" duration-ms="1322" started-at="2023-06-04T13:10:16 MDT" finished-at="2023-06-04T13:10:17 MDT">
          <reporter-output>
          </reporter-output>
        </test-method> <!-- setPage -->
        <test-method status="PASS" signature="validateFirstRow()[pri:0, instance:scripts._17_TGStaticTableTest@4e9ba398]" name="validateFirstRow" duration-ms="98" started-at="2023-06-04T13:10:17 MDT" finished-at="2023-06-04T13:10:17 MDT">
          <reporter-output>
          </reporter-output>
        </test-method> <!-- validateFirstRow -->
        <test-method status="PASS" signature="tearDown()[pri:0, instance:scripts._17_TGStaticTableTest@4e9ba398]" name="tearDown" is-config="true" duration-ms="697" started-at="2023-06-04T13:10:17 MDT" finished-at="2023-06-04T13:10:18 MDT">
          <reporter-output>
          </reporter-output>
        </test-method> <!-- tearDown -->
        <test-method status="PASS" signature="setUp()[pri:0, instance:scripts._17_TGStaticTableTest@4e9ba398]" name="setUp" is-config="true" duration-ms="1362" started-at="2023-06-04T13:10:18 MDT" finished-at="2023-06-04T13:10:20 MDT">
          <reporter-output>
          </reporter-output>
        </test-method> <!-- setUp -->
        <test-method status="PASS" signature="setPage()[pri:0, instance:scripts._17_TGStaticTableTest@4e9ba398]" name="setPage" is-config="true" duration-ms="942" started-at="2023-06-04T13:10:20 MDT" finished-at="2023-06-04T13:10:20 MDT">
          <reporter-output>
          </reporter-output>
        </test-method> <!-- setPage -->
        <test-method status="PASS" signature="validateLastColumn()[pri:0, instance:scripts._17_TGStaticTableTest@4e9ba398]" name="validateLastColumn" duration-ms="97" started-at="2023-06-04T13:10:20 MDT" finished-at="2023-06-04T13:10:21 MDT">
          <reporter-output>
          </reporter-output>
        </test-method> <!-- validateLastColumn -->
        <test-method status="PASS" signature="tearDown()[pri:0, instance:scripts._17_TGStaticTableTest@4e9ba398]" name="tearDown" is-config="true" duration-ms="740" started-at="2023-06-04T13:10:21 MDT" finished-at="2023-06-04T13:10:21 MDT">
          <reporter-output>
          </reporter-output>
        </test-method> <!-- tearDown -->
        <test-method status="PASS" signature="setUp()[pri:0, instance:scripts._17_TGStaticTableTest@4e9ba398]" name="setUp" is-config="true" duration-ms="2080" started-at="2023-06-04T13:10:21 MDT" finished-at="2023-06-04T13:10:23 MDT">
          <reporter-output>
          </reporter-output>
        </test-method> <!-- setUp -->
        <test-method status="PASS" signature="setPage()[pri:0, instance:scripts._17_TGStaticTableTest@4e9ba398]" name="setPage" is-config="true" duration-ms="1491" started-at="2023-06-04T13:10:23 MDT" finished-at="2023-06-04T13:10:25 MDT">
          <reporter-output>
          </reporter-output>
        </test-method> <!-- setPage -->
        <test-method status="PASS" signature="validateTableHeader()[pri:0, instance:scripts._17_TGStaticTableTest@4e9ba398]" name="validateTableHeader" duration-ms="67" started-at="2023-06-04T13:10:25 MDT" finished-at="2023-06-04T13:10:25 MDT">
          <reporter-output>
          </reporter-output>
        </test-method> <!-- validateTableHeader -->
        <test-method status="PASS" signature="tearDown()[pri:0, instance:scripts._17_TGStaticTableTest@4e9ba398]" name="tearDown" is-config="true" duration-ms="837" started-at="2023-06-04T13:10:25 MDT" finished-at="2023-06-04T13:10:26 MDT">
          <reporter-output>
          </reporter-output>
        </test-method> <!-- tearDown -->
      </class> <!-- scripts._17_TGStaticTableTest -->
      <class name="scripts._18_TGSortableTableTest">
        <test-method status="PASS" signature="setUp()[pri:0, instance:scripts._18_TGSortableTableTest@6d7b4f4c]" name="setUp" is-config="true" duration-ms="2381" started-at="2023-06-04T13:10:26 MDT" finished-at="2023-06-04T13:10:28 MDT">
          <reporter-output>
          </reporter-output>
        </test-method> <!-- setUp -->
        <test-method status="PASS" signature="setPage()[pri:0, instance:scripts._18_TGSortableTableTest@6d7b4f4c]" name="setPage" is-config="true" duration-ms="1169" started-at="2023-06-04T13:10:28 MDT" finished-at="2023-06-04T13:10:29 MDT">
          <reporter-output>
          </reporter-output>
        </test-method> <!-- setPage -->
        <test-method status="FAIL" signature="validateAscByPrice()[pri:0, instance:scripts._18_TGSortableTableTest@6d7b4f4c]" name="validateAscByPrice" duration-ms="2142" started-at="2023-06-04T13:10:29 MDT" finished-at="2023-06-04T13:10:31 MDT">
          <exception class="java.lang.AssertionError">
            <message>
              <![CDATA[expected [true] but found [false]]]>
            </message>
            <full-stacktrace>
              <![CDATA[java.lang.AssertionError: expected [true] but found [false]
at org.testng.Assert.fail(Assert.java:97)
at org.testng.Assert.failNotEquals(Assert.java:969)
at org.testng.Assert.assertTrue(Assert.java:43)
at org.testng.Assert.assertTrue(Assert.java:53)
at scripts._18_TGSortableTableTest.validateAscByPrice(_18_TGSortableTableTest.java:97)
at sun.reflect.NativeMethodAccessorImpl.invoke0(Native Method)
at sun.reflect.NativeMethodAccessorImpl.invoke(NativeMethodAccessorImpl.java:62)
at sun.reflect.DelegatingMethodAccessorImpl.invoke(DelegatingMethodAccessorImpl.java:43)
at java.lang.reflect.Method.invoke(Method.java:498)
at org.testng.internal.MethodInvocationHelper.invokeMethod(MethodInvocationHelper.java:134)
at org.testng.internal.TestInvoker.invokeMethod(TestInvoker.java:597)
at org.testng.internal.TestInvoker.invokeTestMethod(TestInvoker.java:173)
at org.testng.internal.MethodRunner.runInSequence(MethodRunner.java:46)
at org.testng.internal.TestInvoker$MethodInvocationAgent.invoke(TestInvoker.java:816)
at org.testng.internal.TestInvoker.invokeTestMethods(TestInvoker.java:146)
at org.testng.internal.TestMethodWorker.invokeTestMethods(TestMethodWorker.java:146)
at org.testng.internal.TestMethodWorker.run(TestMethodWorker.java:128)
at java.util.ArrayList.forEach(ArrayList.java:1259)
at org.testng.TestRunner.privateRun(TestRunner.java:766)
at org.testng.TestRunner.run(TestRunner.java:587)
at org.testng.SuiteRunner.runTest(SuiteRunner.java:384)
at org.testng.SuiteRunner.runSequentially(SuiteRunner.java:378)
at org.testng.SuiteRunner.privateRun(SuiteRunner.java:337)
at org.testng.SuiteRunner.run(SuiteRunner.java:286)
at org.testng.SuiteRunnerWorker.runSuite(SuiteRunnerWorker.java:53)
at org.testng.SuiteRunnerWorker.run(SuiteRunnerWorker.java:96)
at org.testng.TestNG.runSuitesSequentially(TestNG.java:1187)
at org.testng.TestNG.runSuitesLocally(TestNG.java:1109)
at org.testng.TestNG.runSuites(TestNG.java:1039)
at org.testng.TestNG.run(TestNG.java:1007)
at org.apache.maven.surefire.testng.TestNGExecutor.run(TestNGExecutor.java:77)
at org.apache.maven.surefire.testng.TestNGDirectoryTestSuite.executeMulti(TestNGDirectoryTestSuite.java:159)
at org.apache.maven.surefire.testng.TestNGDirectoryTestSuite.execute(TestNGDirectoryTestSuite.java:99)
at org.apache.maven.surefire.testng.TestNGProvider.invoke(TestNGProvider.java:106)
at sun.reflect.NativeMethodAccessorImpl.invoke0(Native Method)
at sun.reflect.NativeMethodAccessorImpl.invoke(NativeMethodAccessorImpl.java:62)
at sun.reflect.DelegatingMethodAccessorImpl.invoke(DelegatingMethodAccessorImpl.java:43)
at java.lang.reflect.Method.invoke(Method.java:498)
at org.apache.maven.surefire.util.ReflectionUtils.invokeMethodWithArray(ReflectionUtils.java:189)
at org.apache.maven.surefire.booter.ProviderFactory$ProviderProxy.invoke(ProviderFactory.java:165)
at org.apache.maven.surefire.booter.ProviderFactory.invokeProvider(ProviderFactory.java:85)
at org.apache.maven.surefire.booter.ForkedBooter.runSuitesInProcess(ForkedBooter.java:115)
at org.apache.maven.surefire.booter.ForkedBooter.main(ForkedBooter.java:75)
]]>
            </full-stacktrace>
          </exception> <!-- java.lang.AssertionError -->
          <reporter-output>
          </reporter-output>
        </test-method> <!-- validateAscByPrice -->
        <test-method status="PASS" signature="tearDown()[pri:0, instance:scripts._18_TGSortableTableTest@6d7b4f4c]" name="tearDown" is-config="true" duration-ms="694" started-at="2023-06-04T13:10:31 MDT" finished-at="2023-06-04T13:10:32 MDT">
          <reporter-output>
          </reporter-output>
        </test-method> <!-- tearDown -->
        <test-method status="PASS" signature="setUp()[pri:0, instance:scripts._18_TGSortableTableTest@6d7b4f4c]" name="setUp" is-config="true" duration-ms="1883" started-at="2023-06-04T13:10:32 MDT" finished-at="2023-06-04T13:10:34 MDT">
          <reporter-output>
          </reporter-output>
        </test-method> <!-- setUp -->
        <test-method status="PASS" signature="setPage()[pri:0, instance:scripts._18_TGSortableTableTest@6d7b4f4c]" name="setPage" is-config="true" duration-ms="933" started-at="2023-06-04T13:10:34 MDT" finished-at="2023-06-04T13:10:35 MDT">
          <reporter-output>
          </reporter-output>
        </test-method> <!-- setPage -->
        <test-method status="PASS" signature="validateSortAscByQuantity()[pri:0, instance:scripts._18_TGSortableTableTest@6d7b4f4c]" name="validateSortAscByQuantity" duration-ms="2113" started-at="2023-06-04T13:10:35 MDT" finished-at="2023-06-04T13:10:37 MDT">
          <reporter-output>
          </reporter-output>
        </test-method> <!-- validateSortAscByQuantity -->
        <test-method status="PASS" signature="tearDown()[pri:0, instance:scripts._18_TGSortableTableTest@6d7b4f4c]" name="tearDown" is-config="true" duration-ms="715" started-at="2023-06-04T13:10:37 MDT" finished-at="2023-06-04T13:10:38 MDT">
          <reporter-output>
          </reporter-output>
        </test-method> <!-- tearDown -->
        <test-method status="PASS" signature="setUp()[pri:0, instance:scripts._18_TGSortableTableTest@6d7b4f4c]" name="setUp" is-config="true" duration-ms="1424" started-at="2023-06-04T13:10:38 MDT" finished-at="2023-06-04T13:10:39 MDT">
          <reporter-output>
          </reporter-output>
        </test-method> <!-- setUp -->
        <test-method status="PASS" signature="setPage()[pri:0, instance:scripts._18_TGSortableTableTest@6d7b4f4c]" name="setPage" is-config="true" duration-ms="976" started-at="2023-06-04T13:10:39 MDT" finished-at="2023-06-04T13:10:40 MDT">
          <reporter-output>
          </reporter-output>
        </test-method> <!-- setPage -->
        <test-method status="PASS" signature="validateSortDescByQuantity()[pri:0, instance:scripts._18_TGSortableTableTest@6d7b4f4c]" name="validateSortDescByQuantity" duration-ms="2127" started-at="2023-06-04T13:10:40 MDT" finished-at="2023-06-04T13:10:42 MDT">
          <reporter-output>
          </reporter-output>
        </test-method> <!-- validateSortDescByQuantity -->
        <test-method status="PASS" signature="tearDown()[pri:0, instance:scripts._18_TGSortableTableTest@6d7b4f4c]" name="tearDown" is-config="true" duration-ms="712" started-at="2023-06-04T13:10:42 MDT" finished-at="2023-06-04T13:10:43 MDT">
          <reporter-output>
          </reporter-output>
        </test-method> <!-- tearDown -->
      </class> <!-- scripts._18_TGSortableTableTest -->
      <class name="scripts._11_TGDropdownsTest">
        <test-method status="PASS" signature="setUp()[pri:0, instance:scripts._11_TGDropdownsTest@56235b8e]" name="setUp" is-config="true" duration-ms="1484" started-at="2023-06-04T13:08:31 MDT" finished-at="2023-06-04T13:08:32 MDT">
          <reporter-output>
          </reporter-output>
        </test-method> <!-- setUp -->
        <test-method status="PASS" signature="setPage()[pri:0, instance:scripts._11_TGDropdownsTest@56235b8e]" name="setPage" is-config="true" duration-ms="975" started-at="2023-06-04T13:08:32 MDT" finished-at="2023-06-04T13:08:33 MDT">
          <reporter-output>
          </reporter-output>
        </test-method> <!-- setPage -->
        <test-method status="PASS" signature="dropdownTestCase()[pri:0, instance:scripts._11_TGDropdownsTest@56235b8e]" name="dropdownTestCase" duration-ms="414" started-at="2023-06-04T13:08:33 MDT" finished-at="2023-06-04T13:08:34 MDT">
          <reporter-output>
          </reporter-output>
        </test-method> <!-- dropdownTestCase -->
        <test-method status="PASS" signature="tearDown()[pri:0, instance:scripts._11_TGDropdownsTest@56235b8e]" name="tearDown" is-config="true" duration-ms="717" started-at="2023-06-04T13:08:34 MDT" finished-at="2023-06-04T13:08:34 MDT">
          <reporter-output>
          </reporter-output>
        </test-method> <!-- tearDown -->
        <test-method status="PASS" signature="setUp()[pri:0, instance:scripts._11_TGDropdownsTest@56235b8e]" name="setUp" is-config="true" duration-ms="1441" started-at="2023-06-04T13:08:34 MDT" finished-at="2023-06-04T13:08:36 MDT">
          <reporter-output>
          </reporter-output>
        </test-method> <!-- setUp -->
        <test-method status="PASS" signature="setPage()[pri:0, instance:scripts._11_TGDropdownsTest@56235b8e]" name="setPage" is-config="true" duration-ms="1060" started-at="2023-06-04T13:08:36 MDT" finished-at="2023-06-04T13:08:37 MDT">
          <reporter-output>
          </reporter-output>
        </test-method> <!-- setPage -->
        <test-method status="PASS" signature="productColorTest()[pri:0, instance:scripts._11_TGDropdownsTest@56235b8e]" name="productColorTest" duration-ms="110" started-at="2023-06-04T13:08:37 MDT" finished-at="2023-06-04T13:08:37 MDT">
          <reporter-output>
          </reporter-output>
        </test-method> <!-- productColorTest -->
        <test-method status="PASS" signature="tearDown()[pri:0, instance:scripts._11_TGDropdownsTest@56235b8e]" name="tearDown" is-config="true" duration-ms="682" started-at="2023-06-04T13:08:37 MDT" finished-at="2023-06-04T13:08:38 MDT">
          <reporter-output>
          </reporter-output>
        </test-method> <!-- tearDown -->
        <test-method status="PASS" signature="setUp()[pri:0, instance:scripts._11_TGDropdownsTest@56235b8e]" name="setUp" is-config="true" duration-ms="1486" started-at="2023-06-04T13:08:38 MDT" finished-at="2023-06-04T13:08:39 MDT">
          <reporter-output>
          </reporter-output>
        </test-method> <!-- setUp -->
        <test-method status="PASS" signature="setPage()[pri:0, instance:scripts._11_TGDropdownsTest@56235b8e]" name="setPage" is-config="true" duration-ms="1026" started-at="2023-06-04T13:08:39 MDT" finished-at="2023-06-04T13:08:40 MDT">
          <reporter-output>
          </reporter-output>
        </test-method> <!-- setPage -->
        <test-method status="PASS" signature="productDeliveryTest()[pri:0, instance:scripts._11_TGDropdownsTest@56235b8e]" name="productDeliveryTest" duration-ms="30136" started-at="2023-06-04T13:08:40 MDT" finished-at="2023-06-04T13:09:10 MDT">
          <reporter-output>
          </reporter-output>
        </test-method> <!-- productDeliveryTest -->
        <test-method status="PASS" signature="tearDown()[pri:0, instance:scripts._11_TGDropdownsTest@56235b8e]" name="tearDown" is-config="true" duration-ms="793" started-at="2023-06-04T13:09:10 MDT" finished-at="2023-06-04T13:09:11 MDT">
          <reporter-output>
          </reporter-output>
        </test-method> <!-- tearDown -->
        <test-method status="PASS" signature="setUp()[pri:0, instance:scripts._11_TGDropdownsTest@56235b8e]" name="setUp" is-config="true" duration-ms="1551" started-at="2023-06-04T13:09:11 MDT" finished-at="2023-06-04T13:09:13 MDT">
          <reporter-output>
          </reporter-output>
        </test-method> <!-- setUp -->
        <test-method status="PASS" signature="setPage()[pri:0, instance:scripts._11_TGDropdownsTest@56235b8e]" name="setPage" is-config="true" duration-ms="1265" started-at="2023-06-04T13:09:13 MDT" finished-at="2023-06-04T13:09:14 MDT">
          <reporter-output>
          </reporter-output>
        </test-method> <!-- setPage -->
        <test-method status="PASS" signature="productDropdownTest()[pri:0, instance:scripts._11_TGDropdownsTest@56235b8e]" name="productDropdownTest" duration-ms="256" started-at="2023-06-04T13:09:14 MDT" finished-at="2023-06-04T13:09:14 MDT">
          <reporter-output>
          </reporter-output>
        </test-method> <!-- productDropdownTest -->
        <test-method status="PASS" signature="tearDown()[pri:0, instance:scripts._11_TGDropdownsTest@56235b8e]" name="tearDown" is-config="true" duration-ms="819" started-at="2023-06-04T13:09:14 MDT" finished-at="2023-06-04T13:09:15 MDT">
          <reporter-output>
          </reporter-output>
        </test-method> <!-- tearDown -->
      </class> <!-- scripts._11_TGDropdownsTest -->
      <class name="scripts._12_TGAlertsTest">
        <test-method status="PASS" signature="setUp()[pri:0, instance:scripts._12_TGAlertsTest@3632be31]" name="setUp" is-config="true" duration-ms="1438" started-at="2023-06-04T13:09:15 MDT" finished-at="2023-06-04T13:09:16 MDT">
          <reporter-output>
          </reporter-output>
        </test-method> <!-- setUp -->
        <test-method status="PASS" signature="setPage()[pri:0, instance:scripts._12_TGAlertsTest@3632be31]" name="setPage" is-config="true" duration-ms="1542" started-at="2023-06-04T13:09:16 MDT" finished-at="2023-06-04T13:09:18 MDT">
          <reporter-output>
          </reporter-output>
        </test-method> <!-- setPage -->
        <test-method status="PASS" signature="confirmationAlert()[pri:0, instance:scripts._12_TGAlertsTest@3632be31]" name="confirmationAlert" duration-ms="188" started-at="2023-06-04T13:09:18 MDT" finished-at="2023-06-04T13:09:18 MDT">
          <reporter-output>
          </reporter-output>
        </test-method> <!-- confirmationAlert -->
        <test-method status="PASS" signature="tearDown()[pri:0, instance:scripts._12_TGAlertsTest@3632be31]" name="tearDown" is-config="true" duration-ms="719" started-at="2023-06-04T13:09:18 MDT" finished-at="2023-06-04T13:09:19 MDT">
          <reporter-output>
          </reporter-output>
        </test-method> <!-- tearDown -->
        <test-method status="PASS" signature="setUp()[pri:0, instance:scripts._12_TGAlertsTest@3632be31]" name="setUp" is-config="true" duration-ms="1724" started-at="2023-06-04T13:09:19 MDT" finished-at="2023-06-04T13:09:21 MDT">
          <reporter-output>
          </reporter-output>
        </test-method> <!-- setUp -->
        <test-method status="PASS" signature="setPage()[pri:0, instance:scripts._12_TGAlertsTest@3632be31]" name="setPage" is-config="true" duration-ms="1669" started-at="2023-06-04T13:09:21 MDT" finished-at="2023-06-04T13:09:22 MDT">
          <reporter-output>
          </reporter-output>
        </test-method> <!-- setPage -->
        <test-method status="PASS" signature="warningAlert()[pri:0, instance:scripts._12_TGAlertsTest@3632be31]" name="warningAlert" duration-ms="231" started-at="2023-06-04T13:09:22 MDT" finished-at="2023-06-04T13:09:22 MDT">
          <reporter-output>
          </reporter-output>
        </test-method> <!-- warningAlert -->
        <test-method status="PASS" signature="tearDown()[pri:0, instance:scripts._12_TGAlertsTest@3632be31]" name="tearDown" is-config="true" duration-ms="918" started-at="2023-06-04T13:09:22 MDT" finished-at="2023-06-04T13:09:23 MDT">
          <reporter-output>
          </reporter-output>
        </test-method> <!-- tearDown -->
      </class> <!-- scripts._12_TGAlertsTest -->
      <class name="scripts._02_AppleTest">
        <test-method status="PASS" signature="setup()[pri:0, instance:scripts._02_AppleTest@5ce81285]" name="setup" is-config="true" duration-ms="4920" started-at="2023-06-04T13:05:57 MDT" finished-at="2023-06-04T13:06:02 MDT">
          <reporter-output>
          </reporter-output>
        </test-method> <!-- setup -->
        <test-method status="PASS" signature="validateTitleAndURL()[pri:0, instance:scripts._02_AppleTest@5ce81285]" name="validateTitleAndURL" duration-ms="77" started-at="2023-06-04T13:06:02 MDT" finished-at="2023-06-04T13:06:02 MDT">
          <reporter-output>
          </reporter-output>
        </test-method> <!-- validateTitleAndURL -->
        <test-method status="PASS" signature="tearDown()[pri:0, instance:scripts._02_AppleTest@5ce81285]" name="tearDown" is-config="true" duration-ms="2855" started-at="2023-06-04T13:06:02 MDT" finished-at="2023-06-04T13:06:05 MDT">
          <reporter-output>
          </reporter-output>
        </test-method> <!-- tearDown -->
      </class> <!-- scripts._02_AppleTest -->
      <class name="scripts._04_TGLocatorsTest">
        <test-method status="PASS" signature="setUp()[pri:0, instance:scripts._04_TGLocatorsTest@5ec0a365]" name="setUp" is-config="true" duration-ms="1801" started-at="2023-06-04T13:06:35 MDT" finished-at="2023-06-04T13:06:37 MDT">
          <reporter-output>
          </reporter-output>
        </test-method> <!-- setUp -->
        <test-method status="PASS" signature="setPage()[pri:0, instance:scripts._04_TGLocatorsTest@5ec0a365]" name="setPage" is-config="true" duration-ms="1160" started-at="2023-06-04T13:06:37 MDT" finished-at="2023-06-04T13:06:38 MDT">
          <reporter-output>
          </reporter-output>
        </test-method> <!-- setPage -->
        <test-method status="PASS" signature="validateAutomationTools()[pri:0, instance:scripts._04_TGLocatorsTest@5ec0a365]" name="validateAutomationTools" duration-ms="426" started-at="2023-06-04T13:06:38 MDT" finished-at="2023-06-04T13:06:38 MDT">
          <reporter-output>
          </reporter-output>
        </test-method> <!-- validateAutomationTools -->
        <test-method status="PASS" signature="tearDown()[pri:0, instance:scripts._04_TGLocatorsTest@5ec0a365]" name="tearDown" is-config="true" duration-ms="1734" started-at="2023-06-04T13:06:38 MDT" finished-at="2023-06-04T13:06:40 MDT">
          <reporter-output>
          </reporter-output>
        </test-method> <!-- tearDown -->
        <test-method status="PASS" signature="setUp()[pri:0, instance:scripts._04_TGLocatorsTest@5ec0a365]" name="setUp" is-config="true" duration-ms="1846" started-at="2023-06-04T13:06:40 MDT" finished-at="2023-06-04T13:06:42 MDT">
          <reporter-output>
          </reporter-output>
        </test-method> <!-- setUp -->
        <test-method status="PASS" signature="setPage()[pri:0, instance:scripts._04_TGLocatorsTest@5ec0a365]" name="setPage" is-config="true" duration-ms="1259" started-at="2023-06-04T13:06:42 MDT" finished-at="2023-06-04T13:06:43 MDT">
          <reporter-output>
          </reporter-output>
        </test-method> <!-- setPage -->
        <test-method status="PASS" signature="validateLanguages()[pri:0, instance:scripts._04_TGLocatorsTest@5ec0a365]" name="validateLanguages" duration-ms="795" started-at="2023-06-04T13:06:43 MDT" finished-at="2023-06-04T13:06:44 MDT">
          <reporter-output>
          </reporter-output>
        </test-method> <!-- validateLanguages -->
        <test-method status="PASS" signature="tearDown()[pri:0, instance:scripts._04_TGLocatorsTest@5ec0a365]" name="tearDown" is-config="true" duration-ms="925" started-at="2023-06-04T13:06:44 MDT" finished-at="2023-06-04T13:06:45 MDT">
          <reporter-output>
          </reporter-output>
        </test-method> <!-- tearDown -->
        <test-method status="PASS" signature="setUp()[pri:0, instance:scripts._04_TGLocatorsTest@5ec0a365]" name="setUp" is-config="true" duration-ms="2135" started-at="2023-06-04T13:06:45 MDT" finished-at="2023-06-04T13:06:47 MDT">
          <reporter-output>
          </reporter-output>
        </test-method> <!-- setUp -->
        <test-method status="PASS" signature="setPage()[pri:0, instance:scripts._04_TGLocatorsTest@5ec0a365]" name="setPage" is-config="true" duration-ms="1530" started-at="2023-06-04T13:06:47 MDT" finished-at="2023-06-04T13:06:48 MDT">
          <reporter-output>
          </reporter-output>
        </test-method> <!-- setPage -->
        <test-method status="PASS" signature="validateListHeaders()[pri:0, instance:scripts._04_TGLocatorsTest@5ec0a365]" name="validateListHeaders" duration-ms="199" started-at="2023-06-04T13:06:48 MDT" finished-at="2023-06-04T13:06:49 MDT">
          <reporter-output>
          </reporter-output>
        </test-method> <!-- validateListHeaders -->
        <test-method status="PASS" signature="tearDown()[pri:0, instance:scripts._04_TGLocatorsTest@5ec0a365]" name="tearDown" is-config="true" duration-ms="773" started-at="2023-06-04T13:06:49 MDT" finished-at="2023-06-04T13:06:49 MDT">
          <reporter-output>
          </reporter-output>
        </test-method> <!-- tearDown -->
        <test-method status="PASS" signature="setUp()[pri:0, instance:scripts._04_TGLocatorsTest@5ec0a365]" name="setUp" is-config="true" duration-ms="3156" started-at="2023-06-04T13:06:49 MDT" finished-at="2023-06-04T13:06:52 MDT">
          <reporter-output>
          </reporter-output>
        </test-method> <!-- setUp -->
        <test-method status="PASS" signature="setPage()[pri:0, instance:scripts._04_TGLocatorsTest@5ec0a365]" name="setPage" is-config="true" duration-ms="2359" started-at="2023-06-04T13:06:52 MDT" finished-at="2023-06-04T13:06:55 MDT">
          <reporter-output>
          </reporter-output>
        </test-method> <!-- setPage -->
        <test-method status="PASS" signature="validateTheHeader()[pri:0, instance:scripts._04_TGLocatorsTest@5ec0a365]" name="validateTheHeader" duration-ms="74" started-at="2023-06-04T13:06:55 MDT" finished-at="2023-06-04T13:06:55 MDT">
          <reporter-output>
          </reporter-output>
        </test-method> <!-- validateTheHeader -->
        <test-method status="PASS" signature="tearDown()[pri:0, instance:scripts._04_TGLocatorsTest@5ec0a365]" name="tearDown" is-config="true" duration-ms="735" started-at="2023-06-04T13:06:55 MDT" finished-at="2023-06-04T13:06:56 MDT">
          <reporter-output>
          </reporter-output>
        </test-method> <!-- tearDown -->
      </class> <!-- scripts._04_TGLocatorsTest -->
      <class name="scripts._09_TGCheckboxTest">
        <test-method status="PASS" signature="setUp()[pri:0, instance:scripts._09_TGCheckboxTest@20398b7c]" name="setUp" is-config="true" duration-ms="1610" started-at="2023-06-04T13:08:16 MDT" finished-at="2023-06-04T13:08:18 MDT">
          <reporter-output>
          </reporter-output>
        </test-method> <!-- setUp -->
        <test-method status="PASS" signature="setPage()[pri:0, instance:scripts._09_TGCheckboxTest@20398b7c]" name="setPage" is-config="true" duration-ms="1088" started-at="2023-06-04T13:08:18 MDT" finished-at="2023-06-04T13:08:19 MDT">
          <reporter-output>
          </reporter-output>
        </test-method> <!-- setPage -->
        <test-method status="PASS" signature="checkboxTest()[pri:0, instance:scripts._09_TGCheckboxTest@20398b7c]" name="checkboxTest" duration-ms="273" started-at="2023-06-04T13:08:19 MDT" finished-at="2023-06-04T13:08:19 MDT">
          <reporter-output>
          </reporter-output>
        </test-method> <!-- checkboxTest -->
        <test-method status="PASS" signature="tearDown()[pri:0, instance:scripts._09_TGCheckboxTest@20398b7c]" name="tearDown" is-config="true" duration-ms="701" started-at="2023-06-04T13:08:19 MDT" finished-at="2023-06-04T13:08:20 MDT">
          <reporter-output>
          </reporter-output>
        </test-method> <!-- tearDown -->
        <test-method status="PASS" signature="setUp()[pri:0, instance:scripts._09_TGCheckboxTest@20398b7c]" name="setUp" is-config="true" duration-ms="1667" started-at="2023-06-04T13:08:20 MDT" finished-at="2023-06-04T13:08:22 MDT">
          <reporter-output>
          </reporter-output>
        </test-method> <!-- setUp -->
        <test-method status="PASS" signature="setPage()[pri:0, instance:scripts._09_TGCheckboxTest@20398b7c]" name="setPage" is-config="true" duration-ms="1068" started-at="2023-06-04T13:08:22 MDT" finished-at="2023-06-04T13:08:23 MDT">
          <reporter-output>
          </reporter-output>
        </test-method> <!-- setPage -->
        <test-method status="PASS" signature="checkboxTest2()[pri:0, instance:scripts._09_TGCheckboxTest@20398b7c]" name="checkboxTest2" duration-ms="254" started-at="2023-06-04T13:08:23 MDT" finished-at="2023-06-04T13:08:23 MDT">
          <reporter-output>
          </reporter-output>
        </test-method> <!-- checkboxTest2 -->
        <test-method status="PASS" signature="tearDown()[pri:0, instance:scripts._09_TGCheckboxTest@20398b7c]" name="tearDown" is-config="true" duration-ms="671" started-at="2023-06-04T13:08:23 MDT" finished-at="2023-06-04T13:08:24 MDT">
          <reporter-output>
          </reporter-output>
        </test-method> <!-- tearDown -->
      </class> <!-- scripts._09_TGCheckboxTest -->
      <class name="scripts._10_TGRadioButtonsTest">
        <test-method status="PASS" signature="setUp()[pri:0, instance:scripts._10_TGRadioButtonsTest@6fc6f14e]" name="setUp" is-config="true" duration-ms="1452" started-at="2023-06-04T13:08:24 MDT" finished-at="2023-06-04T13:08:25 MDT">
          <reporter-output>
          </reporter-output>
        </test-method> <!-- setUp -->
        <test-method status="PASS" signature="setPage()[pri:0, instance:scripts._10_TGRadioButtonsTest@6fc6f14e]" name="setPage" is-config="true" duration-ms="1053" started-at="2023-06-04T13:08:25 MDT" finished-at="2023-06-04T13:08:26 MDT">
          <reporter-output>
          </reporter-output>
        </test-method> <!-- setPage -->
        <test-method status="PASS" signature="radioButtonsTest()[pri:0, instance:scripts._10_TGRadioButtonsTest@6fc6f14e]" name="radioButtonsTest" duration-ms="232" started-at="2023-06-04T13:08:26 MDT" finished-at="2023-06-04T13:08:26 MDT">
          <reporter-output>
          </reporter-output>
        </test-method> <!-- radioButtonsTest -->
        <test-method status="PASS" signature="tearDown()[pri:0, instance:scripts._10_TGRadioButtonsTest@6fc6f14e]" name="tearDown" is-config="true" duration-ms="742" started-at="2023-06-04T13:08:26 MDT" finished-at="2023-06-04T13:08:27 MDT">
          <reporter-output>
          </reporter-output>
        </test-method> <!-- tearDown -->
        <test-method status="PASS" signature="setUp()[pri:0, instance:scripts._10_TGRadioButtonsTest@6fc6f14e]" name="setUp" is-config="true" duration-ms="1433" started-at="2023-06-04T13:08:27 MDT" finished-at="2023-06-04T13:08:29 MDT">
          <reporter-output>
          </reporter-output>
        </test-method> <!-- setUp -->
        <test-method status="PASS" signature="setPage()[pri:0, instance:scripts._10_TGRadioButtonsTest@6fc6f14e]" name="setPage" is-config="true" duration-ms="1072" started-at="2023-06-04T13:08:29 MDT" finished-at="2023-06-04T13:08:30 MDT">
          <reporter-output>
          </reporter-output>
        </test-method> <!-- setPage -->
        <test-method status="PASS" signature="validatePracticeMore()[pri:0, instance:scripts._10_TGRadioButtonsTest@6fc6f14e]" name="validatePracticeMore" duration-ms="327" started-at="2023-06-04T13:08:30 MDT" finished-at="2023-06-04T13:08:30 MDT">
          <reporter-output>
          </reporter-output>
        </test-method> <!-- validatePracticeMore -->
        <test-method status="PASS" signature="tearDown()[pri:0, instance:scripts._10_TGRadioButtonsTest@6fc6f14e]" name="tearDown" is-config="true" duration-ms="735" started-at="2023-06-04T13:08:30 MDT" finished-at="2023-06-04T13:08:31 MDT">
          <reporter-output>
          </reporter-output>
        </test-method> <!-- tearDown -->
      </class> <!-- scripts._10_TGRadioButtonsTest -->
      <class name="scripts._14_MultipleWindowsTest">
        <test-method status="PASS" signature="setUp()[pri:0, instance:scripts._14_MultipleWindowsTest@2286778]" name="setUp" is-config="true" duration-ms="2369" started-at="2023-06-04T13:09:33 MDT" finished-at="2023-06-04T13:09:35 MDT">
          <reporter-output>
          </reporter-output>
        </test-method> <!-- setUp -->
        <test-method status="PASS" signature="setPage()[pri:0, instance:scripts._14_MultipleWindowsTest@2286778]" name="setPage" is-config="true" duration-ms="1622" started-at="2023-06-04T13:09:35 MDT" finished-at="2023-06-04T13:09:37 MDT">
          <reporter-output>
          </reporter-output>
        </test-method> <!-- setPage -->
        <test-method status="PASS" signature="validateTheAppleNavigation()[pri:1, instance:scripts._14_MultipleWindowsTest@2286778]" name="validateTheAppleNavigation" duration-ms="2581" started-at="2023-06-04T13:09:37 MDT" description="TC123: Validate the IFrame Page content paragraph" finished-at="2023-06-04T13:09:39 MDT">
          <reporter-output>
          </reporter-output>
        </test-method> <!-- validateTheAppleNavigation -->
        <test-method status="PASS" signature="tearDown()[pri:0, instance:scripts._14_MultipleWindowsTest@2286778]" name="tearDown" is-config="true" duration-ms="994" started-at="2023-06-04T13:09:39 MDT" finished-at="2023-06-04T13:09:40 MDT">
          <reporter-output>
          </reporter-output>
        </test-method> <!-- tearDown -->
        <test-method status="PASS" signature="setUp()[pri:0, instance:scripts._14_MultipleWindowsTest@2286778]" name="setUp" is-config="true" duration-ms="1538" started-at="2023-06-04T13:09:40 MDT" finished-at="2023-06-04T13:09:42 MDT">
          <reporter-output>
          </reporter-output>
        </test-method> <!-- setUp -->
        <test-method status="PASS" signature="setPage()[pri:0, instance:scripts._14_MultipleWindowsTest@2286778]" name="setPage" is-config="true" duration-ms="1575" started-at="2023-06-04T13:09:42 MDT" finished-at="2023-06-04T13:09:43 MDT">
          <reporter-output>
          </reporter-output>
        </test-method> <!-- setPage -->
        <test-method status="PASS" signature="validateTheMicrosoftNavigation()[pri:2, instance:scripts._14_MultipleWindowsTest@2286778]" name="validateTheMicrosoftNavigation" duration-ms="2194" started-at="2023-06-04T13:09:43 MDT" description="TC345 Validate the form submission" finished-at="2023-06-04T13:09:46 MDT">
          <reporter-output>
          </reporter-output>
        </test-method> <!-- validateTheMicrosoftNavigation -->
        <test-method status="PASS" signature="tearDown()[pri:0, instance:scripts._14_MultipleWindowsTest@2286778]" name="tearDown" is-config="true" duration-ms="1969" started-at="2023-06-04T13:09:46 MDT" finished-at="2023-06-04T13:09:48 MDT">
          <reporter-output>
          </reporter-output>
        </test-method> <!-- tearDown -->
        <test-method status="PASS" signature="setUp()[pri:0, instance:scripts._14_MultipleWindowsTest@2286778]" name="setUp" is-config="true" duration-ms="1973" started-at="2023-06-04T13:09:48 MDT" finished-at="2023-06-04T13:09:50 MDT">
          <reporter-output>
          </reporter-output>
        </test-method> <!-- setUp -->
        <test-method status="PASS" signature="setPage()[pri:0, instance:scripts._14_MultipleWindowsTest@2286778]" name="setPage" is-config="true" duration-ms="1388" started-at="2023-06-04T13:09:50 MDT" finished-at="2023-06-04T13:09:51 MDT">
          <reporter-output>
          </reporter-output>
        </test-method> <!-- setPage -->
        <test-method status="PASS" signature="validateTheTeslaNavigation()[pri:3, instance:scripts._14_MultipleWindowsTest@2286778]" name="validateTheTeslaNavigation" duration-ms="2840" started-at="2023-06-04T13:09:51 MDT" description="TC323 Validate the Tesla navigation" finished-at="2023-06-04T13:09:54 MDT">
          <reporter-output>
          </reporter-output>
        </test-method> <!-- validateTheTeslaNavigation -->
        <test-method status="PASS" signature="tearDown()[pri:0, instance:scripts._14_MultipleWindowsTest@2286778]" name="tearDown" is-config="true" duration-ms="1097" started-at="2023-06-04T13:09:54 MDT" finished-at="2023-06-04T13:09:55 MDT">
          <reporter-output>
          </reporter-output>
        </test-method> <!-- tearDown -->
        <test-method status="PASS" signature="setUp()[pri:0, instance:scripts._14_MultipleWindowsTest@2286778]" name="setUp" is-config="true" duration-ms="1454" started-at="2023-06-04T13:09:55 MDT" finished-at="2023-06-04T13:09:56 MDT">
          <reporter-output>
          </reporter-output>
        </test-method> <!-- setUp -->
        <test-method status="PASS" signature="setPage()[pri:0, instance:scripts._14_MultipleWindowsTest@2286778]" name="setPage" is-config="true" duration-ms="1888" started-at="2023-06-04T13:09:56 MDT" finished-at="2023-06-04T13:09:58 MDT">
          <reporter-output>
          </reporter-output>
        </test-method> <!-- setPage -->
        <test-method status="PASS" signature="validateTheLinkURLs()[pri:4, instance:scripts._14_MultipleWindowsTest@2286778]" name="validateTheLinkURLs" duration-ms="12131" started-at="2023-06-04T13:09:58 MDT" description="Validate link URLs" finished-at="2023-06-04T13:10:10 MDT">
          <reporter-output>
          </reporter-output>
        </test-method> <!-- validateTheLinkURLs -->
        <test-method status="PASS" signature="tearDown()[pri:0, instance:scripts._14_MultipleWindowsTest@2286778]" name="tearDown" is-config="true" duration-ms="980" started-at="2023-06-04T13:10:10 MDT" finished-at="2023-06-04T13:10:11 MDT">
          <reporter-output>
          </reporter-output>
        </test-method> <!-- tearDown -->
      </class> <!-- scripts._14_MultipleWindowsTest -->
    </test> <!-- Command line test -->
  </suite> <!-- Command line suite -->
</testng-results>
