<?xml version="1.0" encoding="UTF-8"?>
<testng-results skipped="0" failed="3" ignored="19" total="60" passed="38">
  <reporter-output>
  </reporter-output>
  <suite name="All Test Suite" duration-ms="273672" started-at="2023-06-05T18:50:05 MDT" finished-at="2023-06-05T18:54:38 MDT">
    <groups>
    </groups>
    <test name="/Users/akinkaya/IdeaProjects/ui_automation_6/src/test/java/scripts" duration-ms="273672" started-at="2023-06-05T18:50:05 MDT" finished-at="2023-06-05T18:54:38 MDT">
      <class name="scripts._07_TGDynamicElementsTest">
        <test-method status="PASS" signature="setUp()[pri:0, instance:scripts._07_TGDynamicElementsTest@71318ec4]" name="setUp" is-config="true" duration-ms="1635" started-at="2023-06-05T18:52:14 MDT" finished-at="2023-06-05T18:52:16 MDT">
          <reporter-output>
          </reporter-output>
        </test-method> <!-- setUp -->
        <test-method status="PASS" signature="setPage()[pri:0, instance:scripts._07_TGDynamicElementsTest@71318ec4]" name="setPage" is-config="true" duration-ms="1151" started-at="2023-06-05T18:52:16 MDT" finished-at="2023-06-05T18:52:17 MDT">
          <reporter-output>
          </reporter-output>
        </test-method> <!-- setPage -->
        <test-method status="PASS" signature="validateDynamicElementBox1()[pri:0, instance:scripts._07_TGDynamicElementsTest@71318ec4]" name="validateDynamicElementBox1" duration-ms="71" started-at="2023-06-05T18:52:17 MDT" finished-at="2023-06-05T18:52:17 MDT">
          <reporter-output>
          </reporter-output>
        </test-method> <!-- validateDynamicElementBox1 -->
        <test-method status="PASS" signature="tearDown()[pri:0, instance:scripts._07_TGDynamicElementsTest@71318ec4]" name="tearDown" is-config="true" duration-ms="687" started-at="2023-06-05T18:52:17 MDT" finished-at="2023-06-05T18:52:18 MDT">
          <reporter-output>
          </reporter-output>
        </test-method> <!-- tearDown -->
        <test-method status="PASS" signature="setUp()[pri:0, instance:scripts._07_TGDynamicElementsTest@71318ec4]" name="setUp" is-config="true" duration-ms="1464" started-at="2023-06-05T18:52:18 MDT" finished-at="2023-06-05T18:52:19 MDT">
          <reporter-output>
          </reporter-output>
        </test-method> <!-- setUp -->
        <test-method status="PASS" signature="setPage()[pri:0, instance:scripts._07_TGDynamicElementsTest@71318ec4]" name="setPage" is-config="true" duration-ms="893" started-at="2023-06-05T18:52:19 MDT" finished-at="2023-06-05T18:52:20 MDT">
          <reporter-output>
          </reporter-output>
        </test-method> <!-- setPage -->
        <test-method status="PASS" signature="validateDynamicElementBox2()[pri:0, instance:scripts._07_TGDynamicElementsTest@71318ec4]" name="validateDynamicElementBox2" duration-ms="66" started-at="2023-06-05T18:52:20 MDT" finished-at="2023-06-05T18:52:20 MDT">
          <reporter-output>
          </reporter-output>
        </test-method> <!-- validateDynamicElementBox2 -->
        <test-method status="PASS" signature="tearDown()[pri:0, instance:scripts._07_TGDynamicElementsTest@71318ec4]" name="tearDown" is-config="true" duration-ms="667" started-at="2023-06-05T18:52:20 MDT" finished-at="2023-06-05T18:52:21 MDT">
          <reporter-output>
          </reporter-output>
        </test-method> <!-- tearDown -->
      </class> <!-- scripts._07_TGDynamicElementsTest -->
      <class name="scripts._08_TGWaitsTest">
        <test-method status="PASS" signature="setUp()[pri:0, instance:scripts._08_TGWaitsTest@21213b92]" name="setUp" is-config="true" duration-ms="1454" started-at="2023-06-05T18:52:21 MDT" finished-at="2023-06-05T18:52:22 MDT">
          <reporter-output>
          </reporter-output>
        </test-method> <!-- setUp -->
        <test-method status="PASS" signature="setPage()[pri:0, instance:scripts._08_TGWaitsTest@21213b92]" name="setPage" is-config="true" duration-ms="876" started-at="2023-06-05T18:52:22 MDT" finished-at="2023-06-05T18:52:23 MDT">
          <reporter-output>
          </reporter-output>
        </test-method> <!-- setPage -->
        <test-method status="FAIL" signature="waitForBlueBox()[pri:0, instance:scripts._08_TGWaitsTest@21213b92]" name="waitForBlueBox" duration-ms="30147" started-at="2023-06-05T18:52:23 MDT" finished-at="2023-06-05T18:52:53 MDT">
          <exception class="org.openqa.selenium.NoSuchElementException">
            <message>
              <![CDATA[no such element: Unable to locate element: {"method":"css selector","selector":"button[class*='blue_box']"}
  (Session info: chrome=114.0.5735.90)
For documentation on this error, please visit: https://www.seleniumhq.org/exceptions/no_such_element.html
Build info: version: '3.141.59', revision: 'e82be7d358', time: '2018-11-14T08:17:03'
System info: host: 'LAPTOP-CF98PN2R', ip: '192.168.1.70', os.name: 'Windows 11', os.arch: 'amd64', os.version: '10.0', java.version: '1.8.0_361'
Driver info: org.openqa.selenium.chrome.ChromeDriver
Capabilities {acceptInsecureCerts: false, browserName: chrome, browserVersion: 114.0.5735.90, chrome: {chromedriverVersion: 114.0.5735.90 (386bc09e8f4f..., userDataDir: C:\Users\CIHANA~1\AppData\L...}, goog:chromeOptions: {debuggerAddress: localhost:65525}, javascriptEnabled: true, networkConnectionEnabled: false, pageLoadStrategy: normal, platform: WINDOWS, platformName: WINDOWS, proxy: Proxy(), setWindowRect: true, strictFileInteractability: false, timeouts: {implicit: 0, pageLoad: 300000, script: 30000}, unhandledPromptBehavior: dismiss and notify, webauthn:extension:credBlob: true, webauthn:extension:largeBlob: true, webauthn:extension:minPinLength: true, webauthn:extension:prf: true, webauthn:virtualAuthenticators: true}
Session ID: 8aa85994d413dd93d8a3b5087db24350
*** Element info: {Using=css selector, value=button[class*='blue_box']}]]>
            </message>
            <full-stacktrace>
              <![CDATA[org.openqa.selenium.NoSuchElementException: no such element: Unable to locate element: {"method":"css selector","selector":"button[class*='blue_box']"}
  (Session info: chrome=114.0.5735.90)
For documentation on this error, please visit: https://www.seleniumhq.org/exceptions/no_such_element.html
Build info: version: '3.141.59', revision: 'e82be7d358', time: '2018-11-14T08:17:03'
System info: host: 'LAPTOP-CF98PN2R', ip: '192.168.1.70', os.name: 'Windows 11', os.arch: 'amd64', os.version: '10.0', java.version: '1.8.0_361'
Driver info: org.openqa.selenium.chrome.ChromeDriver
Capabilities {acceptInsecureCerts: false, browserName: chrome, browserVersion: 114.0.5735.90, chrome: {chromedriverVersion: 114.0.5735.90 (386bc09e8f4f..., userDataDir: C:\Users\CIHANA~1\AppData\L...}, goog:chromeOptions: {debuggerAddress: localhost:65525}, javascriptEnabled: true, networkConnectionEnabled: false, pageLoadStrategy: normal, platform: WINDOWS, platformName: WINDOWS, proxy: Proxy(), setWindowRect: true, strictFileInteractability: false, timeouts: {implicit: 0, pageLoad: 300000, script: 30000}, unhandledPromptBehavior: dismiss and notify, webauthn:extension:credBlob: true, webauthn:extension:largeBlob: true, webauthn:extension:minPinLength: true, webauthn:extension:prf: true, webauthn:virtualAuthenticators: true}
Session ID: 8aa85994d413dd93d8a3b5087db24350
*** Element info: {Using=css selector, value=button[class*='blue_box']}
at sun.reflect.NativeConstructorAccessorImpl.newInstance0(Native Method)
at sun.reflect.NativeConstructorAccessorImpl.newInstance(NativeConstructorAccessorImpl.java:62)
at sun.reflect.DelegatingConstructorAccessorImpl.newInstance(DelegatingConstructorAccessorImpl.java:45)
at java.lang.reflect.Constructor.newInstance(Constructor.java:423)
at org.openqa.selenium.remote.http.W3CHttpResponseCodec.createException(W3CHttpResponseCodec.java:187)
at org.openqa.selenium.remote.http.W3CHttpResponseCodec.decode(W3CHttpResponseCodec.java:122)
at org.openqa.selenium.remote.http.W3CHttpResponseCodec.decode(W3CHttpResponseCodec.java:49)
at org.openqa.selenium.remote.HttpCommandExecutor.execute(HttpCommandExecutor.java:158)
at org.openqa.selenium.remote.service.DriverCommandExecutor.execute(DriverCommandExecutor.java:83)
at org.openqa.selenium.remote.RemoteWebDriver.execute(RemoteWebDriver.java:552)
at org.openqa.selenium.remote.RemoteWebDriver.findElement(RemoteWebDriver.java:323)
at org.openqa.selenium.remote.RemoteWebDriver.findElementByCssSelector(RemoteWebDriver.java:420)
at org.openqa.selenium.By$ByCssSelector.findElement(By.java:431)
at org.openqa.selenium.remote.RemoteWebDriver.findElement(RemoteWebDriver.java:315)
at scripts._08_TGWaitsTest.waitForBlueBox(_08_TGWaitsTest.java:43)
at sun.reflect.NativeMethodAccessorImpl.invoke0(Native Method)
at sun.reflect.NativeMethodAccessorImpl.invoke(NativeMethodAccessorImpl.java:62)
at sun.reflect.DelegatingMethodAccessorImpl.invoke(DelegatingMethodAccessorImpl.java:43)
at java.lang.reflect.Method.invoke(Method.java:498)
at org.testng.internal.MethodInvocationHelper.invokeMethod(MethodInvocationHelper.java:134)
at org.testng.internal.TestInvoker.invokeMethod(TestInvoker.java:597)
at org.testng.internal.TestInvoker.invokeTestMethod(TestInvoker.java:173)
at org.testng.internal.MethodRunner.runInSequence(MethodRunner.java:46)
at org.testng.internal.TestInvoker$MethodInvocationAgent.invoke(TestInvoker.java:816)
at org.testng.internal.TestInvoker.invokeTestMethods(TestInvoker.java:146)
at org.testng.internal.TestMethodWorker.invokeTestMethods(TestMethodWorker.java:146)
at org.testng.internal.TestMethodWorker.run(TestMethodWorker.java:128)
at java.util.ArrayList.forEach(ArrayList.java:1259)
at org.testng.TestRunner.privateRun(TestRunner.java:766)
at org.testng.TestRunner.run(TestRunner.java:587)
at org.testng.SuiteRunner.runTest(SuiteRunner.java:384)
at org.testng.SuiteRunner.runSequentially(SuiteRunner.java:378)
at org.testng.SuiteRunner.privateRun(SuiteRunner.java:337)
at org.testng.SuiteRunner.run(SuiteRunner.java:286)
at org.testng.SuiteRunnerWorker.runSuite(SuiteRunnerWorker.java:53)
at org.testng.SuiteRunnerWorker.run(SuiteRunnerWorker.java:96)
at org.testng.TestNG.runSuitesSequentially(TestNG.java:1187)
at org.testng.TestNG.runSuitesLocally(TestNG.java:1109)
at org.testng.TestNG.runSuites(TestNG.java:1039)
at org.testng.TestNG.run(TestNG.java:1007)
at org.apache.maven.surefire.testng.TestNGExecutor.run(TestNGExecutor.java:281)
at org.apache.maven.surefire.testng.TestNGXmlTestSuite.execute(TestNGXmlTestSuite.java:75)
at org.apache.maven.surefire.testng.TestNGProvider.invoke(TestNGProvider.java:121)
at org.apache.maven.surefire.booter.ForkedBooter.invokeProviderInSameClassLoader(ForkedBooter.java:290)
at org.apache.maven.surefire.booter.ForkedBooter.runSuitesInProcess(ForkedBooter.java:242)
at org.apache.maven.surefire.booter.ForkedBooter.main(ForkedBooter.java:121)
]]>
            </full-stacktrace>
          </exception> <!-- org.openqa.selenium.NoSuchElementException -->
          <reporter-output>
          </reporter-output>
        </test-method> <!-- waitForBlueBox -->
        <test-method status="PASS" signature="tearDown()[pri:0, instance:scripts._08_TGWaitsTest@21213b92]" name="tearDown" is-config="true" duration-ms="710" started-at="2023-06-05T18:52:53 MDT" finished-at="2023-06-05T18:52:54 MDT">
          <reporter-output>
          </reporter-output>
        </test-method> <!-- tearDown -->
      </class> <!-- scripts._08_TGWaitsTest -->
      <class name="scripts._01_ProjectTest">
        <test-method status="PASS" signature="setUp()[pri:0, instance:scripts._01_ProjectTest@60c6f5b]" name="setUp" is-config="true" duration-ms="1475" started-at="2023-06-05T18:50:57 MDT" finished-at="2023-06-05T18:50:58 MDT">
          <reporter-output>
          </reporter-output>
        </test-method> <!-- setUp -->
        <test-method status="PASS" signature="setPage()[pri:0, instance:scripts._01_ProjectTest@60c6f5b]" name="setPage" is-config="true" duration-ms="1031" started-at="2023-06-05T18:50:58 MDT" finished-at="2023-06-05T18:50:59 MDT">
          <reporter-output>
          </reporter-output>
        </test-method> <!-- setPage -->
        <test-method status="PASS" signature="validateTheFormSubmission()[pri:10, instance:scripts._01_ProjectTest@60c6f5b]" name="validateTheFormSubmission" duration-ms="31305" started-at="2023-06-05T18:50:59 MDT" description="Test Case 10 - Validate the form submission" finished-at="2023-06-05T18:51:31 MDT">
          <reporter-output>
          </reporter-output>
        </test-method> <!-- validateTheFormSubmission -->
        <test-method status="PASS" signature="tearDown()[pri:0, instance:scripts._01_ProjectTest@60c6f5b]" name="tearDown" is-config="true" duration-ms="774" started-at="2023-06-05T18:51:31 MDT" finished-at="2023-06-05T18:51:31 MDT">
          <reporter-output>
          </reporter-output>
        </test-method> <!-- tearDown -->
      </class> <!-- scripts._01_ProjectTest -->
      <class name="scripts._13_IFrameTest">
        <test-method status="PASS" signature="setUp()[pri:0, instance:scripts._13_IFrameTest@52a86356]" name="setUp" is-config="true" duration-ms="1443" started-at="2023-06-05T18:53:58 MDT" finished-at="2023-06-05T18:53:59 MDT">
          <reporter-output>
          </reporter-output>
        </test-method> <!-- setUp -->
        <test-method status="PASS" signature="setPage()[pri:0, instance:scripts._13_IFrameTest@52a86356]" name="setPage" is-config="true" duration-ms="1081" started-at="2023-06-05T18:53:59 MDT" finished-at="2023-06-05T18:54:00 MDT">
          <reporter-output>
          </reporter-output>
        </test-method> <!-- setPage -->
        <test-method status="PASS" signature="validateTheParagraph()[pri:1, instance:scripts._13_IFrameTest@52a86356]" name="validateTheParagraph" duration-ms="156" started-at="2023-06-05T18:54:00 MDT" description="TC123: Validate the IFrame Page content paragraph" finished-at="2023-06-05T18:54:00 MDT">
          <reporter-output>
          </reporter-output>
        </test-method> <!-- validateTheParagraph -->
        <test-method status="PASS" signature="tearDown()[pri:0, instance:scripts._13_IFrameTest@52a86356]" name="tearDown" is-config="true" duration-ms="679" started-at="2023-06-05T18:54:00 MDT" finished-at="2023-06-05T18:54:01 MDT">
          <reporter-output>
          </reporter-output>
        </test-method> <!-- tearDown -->
        <test-method status="PASS" signature="setUp()[pri:0, instance:scripts._13_IFrameTest@52a86356]" name="setUp" is-config="true" duration-ms="1420" started-at="2023-06-05T18:54:01 MDT" finished-at="2023-06-05T18:54:02 MDT">
          <reporter-output>
          </reporter-output>
        </test-method> <!-- setUp -->
        <test-method status="PASS" signature="setPage()[pri:0, instance:scripts._13_IFrameTest@52a86356]" name="setPage" is-config="true" duration-ms="969" started-at="2023-06-05T18:54:02 MDT" finished-at="2023-06-05T18:54:03 MDT">
          <reporter-output>
          </reporter-output>
        </test-method> <!-- setPage -->
        <test-method status="PASS" signature="validateTheFormSubmission()[pri:2, instance:scripts._13_IFrameTest@52a86356]" name="validateTheFormSubmission" duration-ms="440" started-at="2023-06-05T18:54:03 MDT" description="TC345 Validate the form submission" finished-at="2023-06-05T18:54:04 MDT">
          <reporter-output>
          </reporter-output>
        </test-method> <!-- validateTheFormSubmission -->
        <test-method status="PASS" signature="tearDown()[pri:0, instance:scripts._13_IFrameTest@52a86356]" name="tearDown" is-config="true" duration-ms="667" started-at="2023-06-05T18:54:04 MDT" finished-at="2023-06-05T18:54:05 MDT">
          <reporter-output>
          </reporter-output>
        </test-method> <!-- tearDown -->
      </class> <!-- scripts._13_IFrameTest -->
      <class name="scripts._01_GoogleTest">
        <test-method status="PASS" signature="setup()[pri:0, instance:scripts._01_GoogleTest@1e127982]" name="setup" is-config="true" duration-ms="2484" started-at="2023-06-05T18:50:18 MDT" finished-at="2023-06-05T18:50:20 MDT">
          <reporter-output>
          </reporter-output>
        </test-method> <!-- setup -->
        <test-method status="PASS" signature="validateNavigation()[pri:0, instance:scripts._01_GoogleTest@1e127982]" name="validateNavigation" duration-ms="10693" started-at="2023-06-05T18:50:20 MDT" finished-at="2023-06-05T18:50:31 MDT">
          <reporter-output>
          </reporter-output>
        </test-method> <!-- validateNavigation -->
        <test-method status="PASS" signature="tearDown()[pri:0, instance:scripts._01_GoogleTest@1e127982]" name="tearDown" is-config="true" duration-ms="3728" started-at="2023-06-05T18:50:31 MDT" finished-at="2023-06-05T18:50:35 MDT">
          <reporter-output>
          </reporter-output>
        </test-method> <!-- tearDown -->
        <test-method status="PASS" signature="setup()[pri:0, instance:scripts._01_GoogleTest@1e127982]" name="setup" is-config="true" duration-ms="2500" started-at="2023-06-05T18:50:35 MDT" finished-at="2023-06-05T18:50:37 MDT">
          <reporter-output>
          </reporter-output>
        </test-method> <!-- setup -->
        <test-method status="PASS" signature="validateSearchButton()[pri:0, instance:scripts._01_GoogleTest@1e127982]" name="validateSearchButton" duration-ms="105" started-at="2023-06-05T18:50:37 MDT" finished-at="2023-06-05T18:50:37 MDT">
          <reporter-output>
          </reporter-output>
        </test-method> <!-- validateSearchButton -->
        <test-method status="PASS" signature="tearDown()[pri:0, instance:scripts._01_GoogleTest@1e127982]" name="tearDown" is-config="true" duration-ms="3780" started-at="2023-06-05T18:50:37 MDT" finished-at="2023-06-05T18:50:41 MDT">
          <reporter-output>
          </reporter-output>
        </test-method> <!-- tearDown -->
        <test-method status="PASS" signature="setup()[pri:0, instance:scripts._01_GoogleTest@1e127982]" name="setup" is-config="true" duration-ms="2608" started-at="2023-06-05T18:50:50 MDT" finished-at="2023-06-05T18:50:53 MDT">
          <reporter-output>
          </reporter-output>
        </test-method> <!-- setup -->
        <test-method status="PASS" signature="validateTitleAndURL()[pri:1, instance:scripts._01_GoogleTest@1e127982]" name="validateTitleAndURL" duration-ms="15" started-at="2023-06-05T18:50:53 MDT" finished-at="2023-06-05T18:50:53 MDT">
          <reporter-output>
          </reporter-output>
        </test-method> <!-- validateTitleAndURL -->
        <test-method status="PASS" signature="tearDown()[pri:0, instance:scripts._01_GoogleTest@1e127982]" name="tearDown" is-config="true" duration-ms="3738" started-at="2023-06-05T18:50:53 MDT" finished-at="2023-06-05T18:50:57 MDT">
          <reporter-output>
          </reporter-output>
        </test-method> <!-- tearDown -->
      </class> <!-- scripts._01_GoogleTest -->
      <class name="scripts._06_WikiTest">
        <test-method status="PASS" signature="setUp()[pri:0, instance:scripts._06_WikiTest@31610302]" name="setUp" is-config="true" duration-ms="1426" started-at="2023-06-05T18:52:10 MDT" finished-at="2023-06-05T18:52:12 MDT">
          <reporter-output>
          </reporter-output>
        </test-method> <!-- setUp -->
        <test-method status="PASS" signature="setPage()[pri:0, instance:scripts._06_WikiTest@31610302]" name="setPage" is-config="true" duration-ms="704" started-at="2023-06-05T18:52:12 MDT" finished-at="2023-06-05T18:52:13 MDT">
          <reporter-output>
          </reporter-output>
        </test-method> <!-- setPage -->
        <test-method status="PASS" signature="validateWikiSearch2()[pri:0, instance:scripts._06_WikiTest@31610302]" name="validateWikiSearch2" duration-ms="1061" started-at="2023-06-05T18:52:13 MDT" finished-at="2023-06-05T18:52:14 MDT">
          <reporter-output>
          </reporter-output>
        </test-method> <!-- validateWikiSearch2 -->
        <test-method status="PASS" signature="tearDown()[pri:0, instance:scripts._06_WikiTest@31610302]" name="tearDown" is-config="true" duration-ms="739" started-at="2023-06-05T18:52:14 MDT" finished-at="2023-06-05T18:52:14 MDT">
          <reporter-output>
          </reporter-output>
        </test-method> <!-- tearDown -->
      </class> <!-- scripts._06_WikiTest -->
      <class name="scripts._03_TGLocatorsTest">
        <test-method status="PASS" signature="setUp()[pri:0, instance:scripts._03_TGLocatorsTest@3c0f93f1]" name="setUp" is-config="true" duration-ms="1644" started-at="2023-06-05T18:51:37 MDT" finished-at="2023-06-05T18:51:39 MDT">
          <reporter-output>
          </reporter-output>
        </test-method> <!-- setUp -->
        <test-method status="PASS" signature="setPage()[pri:0, instance:scripts._03_TGLocatorsTest@3c0f93f1]" name="setPage" is-config="true" duration-ms="1289" started-at="2023-06-05T18:51:39 MDT" finished-at="2023-06-05T18:51:40 MDT">
          <reporter-output>
          </reporter-output>
        </test-method> <!-- setPage -->
        <test-method status="PASS" signature="validateKiwiParagraph()[pri:1, instance:scripts._03_TGLocatorsTest@3c0f93f1]" name="validateKiwiParagraph" duration-ms="120" started-at="2023-06-05T18:51:40 MDT" finished-at="2023-06-05T18:51:40 MDT">
          <reporter-output>
          </reporter-output>
        </test-method> <!-- validateKiwiParagraph -->
        <test-method status="PASS" signature="tearDown()[pri:0, instance:scripts._03_TGLocatorsTest@3c0f93f1]" name="tearDown" is-config="true" duration-ms="698" started-at="2023-06-05T18:51:40 MDT" finished-at="2023-06-05T18:51:41 MDT">
          <reporter-output>
          </reporter-output>
        </test-method> <!-- tearDown -->
        <test-method status="PASS" signature="setUp()[pri:0, instance:scripts._03_TGLocatorsTest@3c0f93f1]" name="setUp" is-config="true" duration-ms="1378" started-at="2023-06-05T18:51:41 MDT" finished-at="2023-06-05T18:51:42 MDT">
          <reporter-output>
          </reporter-output>
        </test-method> <!-- setUp -->
        <test-method status="PASS" signature="setPage()[pri:0, instance:scripts._03_TGLocatorsTest@3c0f93f1]" name="setPage" is-config="true" duration-ms="975" started-at="2023-06-05T18:51:42 MDT" finished-at="2023-06-05T18:51:43 MDT">
          <reporter-output>
          </reporter-output>
        </test-method> <!-- setPage -->
        <test-method status="PASS" signature="validateOrangeParagraph()[pri:2, instance:scripts._03_TGLocatorsTest@3c0f93f1]" name="validateOrangeParagraph" duration-ms="206" started-at="2023-06-05T18:51:43 MDT" finished-at="2023-06-05T18:51:43 MDT">
          <reporter-output>
          </reporter-output>
        </test-method> <!-- validateOrangeParagraph -->
        <test-method status="PASS" signature="tearDown()[pri:0, instance:scripts._03_TGLocatorsTest@3c0f93f1]" name="tearDown" is-config="true" duration-ms="664" started-at="2023-06-05T18:51:43 MDT" finished-at="2023-06-05T18:51:44 MDT">
          <reporter-output>
          </reporter-output>
        </test-method> <!-- tearDown -->
        <test-method status="PASS" signature="setUp()[pri:0, instance:scripts._03_TGLocatorsTest@3c0f93f1]" name="setUp" is-config="true" duration-ms="1491" started-at="2023-06-05T18:51:44 MDT" finished-at="2023-06-05T18:51:45 MDT">
          <reporter-output>
          </reporter-output>
        </test-method> <!-- setUp -->
        <test-method status="PASS" signature="setPage()[pri:0, instance:scripts._03_TGLocatorsTest@3c0f93f1]" name="setPage" is-config="true" duration-ms="818" started-at="2023-06-05T18:51:45 MDT" finished-at="2023-06-05T18:51:46 MDT">
          <reporter-output>
          </reporter-output>
        </test-method> <!-- setPage -->
        <test-method status="PASS" signature="validateGrapesParagraph()[pri:3, instance:scripts._03_TGLocatorsTest@3c0f93f1]" name="validateGrapesParagraph" duration-ms="118" started-at="2023-06-05T18:51:46 MDT" finished-at="2023-06-05T18:51:46 MDT">
          <reporter-output>
          </reporter-output>
        </test-method> <!-- validateGrapesParagraph -->
        <test-method status="PASS" signature="tearDown()[pri:0, instance:scripts._03_TGLocatorsTest@3c0f93f1]" name="tearDown" is-config="true" duration-ms="695" started-at="2023-06-05T18:51:46 MDT" finished-at="2023-06-05T18:51:47 MDT">
          <reporter-output>
          </reporter-output>
        </test-method> <!-- tearDown -->
        <test-method status="PASS" signature="setUp()[pri:0, instance:scripts._03_TGLocatorsTest@3c0f93f1]" name="setUp" is-config="true" duration-ms="1563" started-at="2023-06-05T18:51:47 MDT" finished-at="2023-06-05T18:51:49 MDT">
          <reporter-output>
          </reporter-output>
        </test-method> <!-- setUp -->
        <test-method status="PASS" signature="setPage()[pri:0, instance:scripts._03_TGLocatorsTest@3c0f93f1]" name="setPage" is-config="true" duration-ms="777" started-at="2023-06-05T18:51:49 MDT" finished-at="2023-06-05T18:51:49 MDT">
          <reporter-output>
          </reporter-output>
        </test-method> <!-- setPage -->
        <test-method status="PASS" signature="validateRedAppleLink()[pri:5, instance:scripts._03_TGLocatorsTest@3c0f93f1]" name="validateRedAppleLink" duration-ms="124" started-at="2023-06-05T18:51:49 MDT" finished-at="2023-06-05T18:51:50 MDT">
          <reporter-output>
          </reporter-output>
        </test-method> <!-- validateRedAppleLink -->
        <test-method status="PASS" signature="tearDown()[pri:0, instance:scripts._03_TGLocatorsTest@3c0f93f1]" name="tearDown" is-config="true" duration-ms="680" started-at="2023-06-05T18:51:50 MDT" finished-at="2023-06-05T18:51:50 MDT">
          <reporter-output>
          </reporter-output>
        </test-method> <!-- tearDown -->
        <test-method status="PASS" signature="setUp()[pri:0, instance:scripts._03_TGLocatorsTest@3c0f93f1]" name="setUp" is-config="true" duration-ms="1505" started-at="2023-06-05T18:51:50 MDT" finished-at="2023-06-05T18:51:52 MDT">
          <reporter-output>
          </reporter-output>
        </test-method> <!-- setUp -->
        <test-method status="PASS" signature="setPage()[pri:0, instance:scripts._03_TGLocatorsTest@3c0f93f1]" name="setPage" is-config="true" duration-ms="685" started-at="2023-06-05T18:51:52 MDT" finished-at="2023-06-05T18:51:52 MDT">
          <reporter-output>
          </reporter-output>
        </test-method> <!-- setPage -->
        <test-method status="PASS" signature="validateAllLinks()[pri:6, instance:scripts._03_TGLocatorsTest@3c0f93f1]" name="validateAllLinks" duration-ms="245" started-at="2023-06-05T18:51:52 MDT" finished-at="2023-06-05T18:51:53 MDT">
          <reporter-output>
          </reporter-output>
        </test-method> <!-- validateAllLinks -->
        <test-method status="PASS" signature="tearDown()[pri:0, instance:scripts._03_TGLocatorsTest@3c0f93f1]" name="tearDown" is-config="true" duration-ms="667" started-at="2023-06-05T18:51:53 MDT" finished-at="2023-06-05T18:51:53 MDT">
          <reporter-output>
          </reporter-output>
        </test-method> <!-- tearDown -->
      </class> <!-- scripts._03_TGLocatorsTest -->
      <class name="scripts._05_FacebookTest">
        <test-method status="PASS" signature="setUp()[pri:0, instance:scripts._05_FacebookTest@544fe44c]" name="setUp" is-config="true" duration-ms="1430" started-at="2023-06-05T18:52:06 MDT" finished-at="2023-06-05T18:52:08 MDT">
          <reporter-output>
          </reporter-output>
        </test-method> <!-- setUp -->
        <test-method status="PASS" signature="setPage()[pri:0, instance:scripts._05_FacebookTest@544fe44c]" name="setPage" is-config="true" duration-ms="971" started-at="2023-06-05T18:52:08 MDT" finished-at="2023-06-05T18:52:09 MDT">
          <reporter-output>
          </reporter-output>
        </test-method> <!-- setPage -->
        <test-method status="FAIL" signature="validateFacebookInvalidLoginAttempt()[pri:0, instance:scripts._05_FacebookTest@544fe44c]" name="validateFacebookInvalidLoginAttempt" duration-ms="964" started-at="2023-06-05T18:52:09 MDT" finished-at="2023-06-05T18:52:10 MDT">
          <exception class="java.lang.AssertionError">
            <message>
              <![CDATA[expected [The email you entered isn't connected to an account. Find your account and log in.] but found [The email you entered isn’t connected to an account. Find your account and log in.]]]>
            </message>
            <full-stacktrace>
              <![CDATA[java.lang.AssertionError: expected [The email you entered isn't connected to an account. Find your account and log in.] but found [The email you entered isn’t connected to an account. Find your account and log in.]
at org.testng.Assert.fail(Assert.java:97)
at org.testng.Assert.assertEqualsImpl(Assert.java:136)
at org.testng.Assert.assertEquals(Assert.java:118)
at org.testng.Assert.assertEquals(Assert.java:575)
at org.testng.Assert.assertEquals(Assert.java:585)
at scripts._05_FacebookTest.validateFacebookInvalidLoginAttempt(_05_FacebookTest.java:93)
at sun.reflect.NativeMethodAccessorImpl.invoke0(Native Method)
at sun.reflect.NativeMethodAccessorImpl.invoke(NativeMethodAccessorImpl.java:62)
at sun.reflect.DelegatingMethodAccessorImpl.invoke(DelegatingMethodAccessorImpl.java:43)
at java.lang.reflect.Method.invoke(Method.java:498)
at org.testng.internal.MethodInvocationHelper.invokeMethod(MethodInvocationHelper.java:134)
at org.testng.internal.TestInvoker.invokeMethod(TestInvoker.java:597)
at org.testng.internal.TestInvoker.invokeTestMethod(TestInvoker.java:173)
at org.testng.internal.MethodRunner.runInSequence(MethodRunner.java:46)
at org.testng.internal.TestInvoker$MethodInvocationAgent.invoke(TestInvoker.java:816)
at org.testng.internal.TestInvoker.invokeTestMethods(TestInvoker.java:146)
at org.testng.internal.TestMethodWorker.invokeTestMethods(TestMethodWorker.java:146)
at org.testng.internal.TestMethodWorker.run(TestMethodWorker.java:128)
at java.util.ArrayList.forEach(ArrayList.java:1259)
at org.testng.TestRunner.privateRun(TestRunner.java:766)
at org.testng.TestRunner.run(TestRunner.java:587)
at org.testng.SuiteRunner.runTest(SuiteRunner.java:384)
at org.testng.SuiteRunner.runSequentially(SuiteRunner.java:378)
at org.testng.SuiteRunner.privateRun(SuiteRunner.java:337)
at org.testng.SuiteRunner.run(SuiteRunner.java:286)
at org.testng.SuiteRunnerWorker.runSuite(SuiteRunnerWorker.java:53)
at org.testng.SuiteRunnerWorker.run(SuiteRunnerWorker.java:96)
at org.testng.TestNG.runSuitesSequentially(TestNG.java:1187)
at org.testng.TestNG.runSuitesLocally(TestNG.java:1109)
at org.testng.TestNG.runSuites(TestNG.java:1039)
at org.testng.TestNG.run(TestNG.java:1007)
at org.apache.maven.surefire.testng.TestNGExecutor.run(TestNGExecutor.java:281)
at org.apache.maven.surefire.testng.TestNGXmlTestSuite.execute(TestNGXmlTestSuite.java:75)
at org.apache.maven.surefire.testng.TestNGProvider.invoke(TestNGProvider.java:121)
at org.apache.maven.surefire.booter.ForkedBooter.invokeProviderInSameClassLoader(ForkedBooter.java:290)
at org.apache.maven.surefire.booter.ForkedBooter.runSuitesInProcess(ForkedBooter.java:242)
at org.apache.maven.surefire.booter.ForkedBooter.main(ForkedBooter.java:121)
]]>
            </full-stacktrace>
          </exception> <!-- java.lang.AssertionError -->
          <reporter-output>
          </reporter-output>
        </test-method> <!-- validateFacebookInvalidLoginAttempt -->
        <test-method status="PASS" signature="tearDown()[pri:0, instance:scripts._05_FacebookTest@544fe44c]" name="tearDown" is-config="true" duration-ms="738" started-at="2023-06-05T18:52:10 MDT" finished-at="2023-06-05T18:52:10 MDT">
          <reporter-output>
          </reporter-output>
        </test-method> <!-- tearDown -->
      </class> <!-- scripts._05_FacebookTest -->
      <class name="scripts._15_TGFileUpload">
        <test-method status="PASS" signature="setUp()[pri:0, instance:scripts._15_TGFileUpload@78c03f1f]" name="setUp" is-config="true" duration-ms="1494" started-at="2023-06-05T18:54:35 MDT" finished-at="2023-06-05T18:54:36 MDT">
          <reporter-output>
          </reporter-output>
        </test-method> <!-- setUp -->
        <test-method status="PASS" signature="setPage()[pri:0, instance:scripts._15_TGFileUpload@78c03f1f]" name="setPage" is-config="true" duration-ms="965" started-at="2023-06-05T18:54:36 MDT" finished-at="2023-06-05T18:54:37 MDT">
          <reporter-output>
          </reporter-output>
        </test-method> <!-- setPage -->
        <test-method status="FAIL" signature="basicFileUpload()[pri:0, instance:scripts._15_TGFileUpload@78c03f1f]" name="basicFileUpload" duration-ms="63" started-at="2023-06-05T18:54:37 MDT" finished-at="2023-06-05T18:54:38 MDT">
          <exception class="org.openqa.selenium.InvalidArgumentException">
            <message>
              <![CDATA[invalid argument: File not found : /Users/buraksimsek/IdeaProjects/ui_automation_6/hello.txt
  (Session info: chrome=114.0.5735.90)
Build info: version: '3.141.59', revision: 'e82be7d358', time: '2018-11-14T08:17:03'
System info: host: 'LAPTOP-CF98PN2R', ip: '192.168.1.70', os.name: 'Windows 11', os.arch: 'amd64', os.version: '10.0', java.version: '1.8.0_361'
Driver info: org.openqa.selenium.chrome.ChromeDriver
Capabilities {acceptInsecureCerts: false, browserName: chrome, browserVersion: 114.0.5735.90, chrome: {chromedriverVersion: 114.0.5735.90 (386bc09e8f4f..., userDataDir: C:\Users\CIHANA~1\AppData\L...}, goog:chromeOptions: {debuggerAddress: localhost:50302}, javascriptEnabled: true, networkConnectionEnabled: false, pageLoadStrategy: normal, platform: WINDOWS, platformName: WINDOWS, proxy: Proxy(), setWindowRect: true, strictFileInteractability: false, timeouts: {implicit: 0, pageLoad: 300000, script: 30000}, unhandledPromptBehavior: dismiss and notify, webauthn:extension:credBlob: true, webauthn:extension:largeBlob: true, webauthn:extension:minPinLength: true, webauthn:extension:prf: true, webauthn:virtualAuthenticators: true}
Session ID: bfeb6f7ed2fd4e5b953a2299474d354c]]>
            </message>
            <full-stacktrace>
              <![CDATA[org.openqa.selenium.InvalidArgumentException: invalid argument: File not found : /Users/buraksimsek/IdeaProjects/ui_automation_6/hello.txt
  (Session info: chrome=114.0.5735.90)
Build info: version: '3.141.59', revision: 'e82be7d358', time: '2018-11-14T08:17:03'
System info: host: 'LAPTOP-CF98PN2R', ip: '192.168.1.70', os.name: 'Windows 11', os.arch: 'amd64', os.version: '10.0', java.version: '1.8.0_361'
Driver info: org.openqa.selenium.chrome.ChromeDriver
Capabilities {acceptInsecureCerts: false, browserName: chrome, browserVersion: 114.0.5735.90, chrome: {chromedriverVersion: 114.0.5735.90 (386bc09e8f4f..., userDataDir: C:\Users\CIHANA~1\AppData\L...}, goog:chromeOptions: {debuggerAddress: localhost:50302}, javascriptEnabled: true, networkConnectionEnabled: false, pageLoadStrategy: normal, platform: WINDOWS, platformName: WINDOWS, proxy: Proxy(), setWindowRect: true, strictFileInteractability: false, timeouts: {implicit: 0, pageLoad: 300000, script: 30000}, unhandledPromptBehavior: dismiss and notify, webauthn:extension:credBlob: true, webauthn:extension:largeBlob: true, webauthn:extension:minPinLength: true, webauthn:extension:prf: true, webauthn:virtualAuthenticators: true}
Session ID: bfeb6f7ed2fd4e5b953a2299474d354c
at sun.reflect.NativeConstructorAccessorImpl.newInstance0(Native Method)
at sun.reflect.NativeConstructorAccessorImpl.newInstance(NativeConstructorAccessorImpl.java:62)
at sun.reflect.DelegatingConstructorAccessorImpl.newInstance(DelegatingConstructorAccessorImpl.java:45)
at java.lang.reflect.Constructor.newInstance(Constructor.java:423)
at org.openqa.selenium.remote.http.W3CHttpResponseCodec.createException(W3CHttpResponseCodec.java:187)
at org.openqa.selenium.remote.http.W3CHttpResponseCodec.decode(W3CHttpResponseCodec.java:122)
at org.openqa.selenium.remote.http.W3CHttpResponseCodec.decode(W3CHttpResponseCodec.java:49)
at org.openqa.selenium.remote.HttpCommandExecutor.execute(HttpCommandExecutor.java:158)
at org.openqa.selenium.remote.service.DriverCommandExecutor.execute(DriverCommandExecutor.java:83)
at org.openqa.selenium.remote.RemoteWebDriver.execute(RemoteWebDriver.java:552)
at org.openqa.selenium.remote.RemoteWebElement.execute(RemoteWebElement.java:285)
at org.openqa.selenium.remote.RemoteWebElement.sendKeys(RemoteWebElement.java:106)
at scripts._15_TGFileUpload.basicFileUpload(_15_TGFileUpload.java:37)
at sun.reflect.NativeMethodAccessorImpl.invoke0(Native Method)
at sun.reflect.NativeMethodAccessorImpl.invoke(NativeMethodAccessorImpl.java:62)
at sun.reflect.DelegatingMethodAccessorImpl.invoke(DelegatingMethodAccessorImpl.java:43)
at java.lang.reflect.Method.invoke(Method.java:498)
at org.testng.internal.MethodInvocationHelper.invokeMethod(MethodInvocationHelper.java:134)
at org.testng.internal.TestInvoker.invokeMethod(TestInvoker.java:597)
at org.testng.internal.TestInvoker.invokeTestMethod(TestInvoker.java:173)
at org.testng.internal.MethodRunner.runInSequence(MethodRunner.java:46)
at org.testng.internal.TestInvoker$MethodInvocationAgent.invoke(TestInvoker.java:816)
at org.testng.internal.TestInvoker.invokeTestMethods(TestInvoker.java:146)
at org.testng.internal.TestMethodWorker.invokeTestMethods(TestMethodWorker.java:146)
at org.testng.internal.TestMethodWorker.run(TestMethodWorker.java:128)
at java.util.ArrayList.forEach(ArrayList.java:1259)
at org.testng.TestRunner.privateRun(TestRunner.java:766)
at org.testng.TestRunner.run(TestRunner.java:587)
at org.testng.SuiteRunner.runTest(SuiteRunner.java:384)
at org.testng.SuiteRunner.runSequentially(SuiteRunner.java:378)
at org.testng.SuiteRunner.privateRun(SuiteRunner.java:337)
at org.testng.SuiteRunner.run(SuiteRunner.java:286)
at org.testng.SuiteRunnerWorker.runSuite(SuiteRunnerWorker.java:53)
at org.testng.SuiteRunnerWorker.run(SuiteRunnerWorker.java:96)
at org.testng.TestNG.runSuitesSequentially(TestNG.java:1187)
at org.testng.TestNG.runSuitesLocally(TestNG.java:1109)
at org.testng.TestNG.runSuites(TestNG.java:1039)
at org.testng.TestNG.run(TestNG.java:1007)
at org.apache.maven.surefire.testng.TestNGExecutor.run(TestNGExecutor.java:281)
at org.apache.maven.surefire.testng.TestNGXmlTestSuite.execute(TestNGXmlTestSuite.java:75)
at org.apache.maven.surefire.testng.TestNGProvider.invoke(TestNGProvider.java:121)
at org.apache.maven.surefire.booter.ForkedBooter.invokeProviderInSameClassLoader(ForkedBooter.java:290)
at org.apache.maven.surefire.booter.ForkedBooter.runSuitesInProcess(ForkedBooter.java:242)
at org.apache.maven.surefire.booter.ForkedBooter.main(ForkedBooter.java:121)
]]>
            </full-stacktrace>
          </exception> <!-- org.openqa.selenium.InvalidArgumentException -->
          <reporter-output>
          </reporter-output>
        </test-method> <!-- basicFileUpload -->
        <test-method status="PASS" signature="tearDown()[pri:0, instance:scripts._15_TGFileUpload@78c03f1f]" name="tearDown" is-config="true" duration-ms="678" started-at="2023-06-05T18:54:38 MDT" finished-at="2023-06-05T18:54:38 MDT">
          <reporter-output>
          </reporter-output>
        </test-method> <!-- tearDown -->
      </class> <!-- scripts._15_TGFileUpload -->
      <class name="scripts._17_TGStaticTableTest">
        <test-method status="PASS" signature="setUp()[pri:0, instance:scripts._17_TGStaticTableTest@5ec0a365]" name="setUp" is-config="true" duration-ms="3264" started-at="2023-06-05T18:50:05 MDT" finished-at="2023-06-05T18:50:08 MDT">
          <reporter-output>
          </reporter-output>
        </test-method> <!-- setUp -->
        <test-method status="PASS" signature="setPage()[pri:0, instance:scripts._17_TGStaticTableTest@5ec0a365]" name="setPage" is-config="true" duration-ms="2212" started-at="2023-06-05T18:50:08 MDT" finished-at="2023-06-05T18:50:10 MDT">
          <reporter-output>
          </reporter-output>
        </test-method> <!-- setPage -->
        <test-method status="PASS" signature="validateEachCell()[pri:0, instance:scripts._17_TGStaticTableTest@5ec0a365]" name="validateEachCell" duration-ms="311" started-at="2023-06-05T18:50:10 MDT" finished-at="2023-06-05T18:50:10 MDT">
          <reporter-output>
          </reporter-output>
        </test-method> <!-- validateEachCell -->
        <test-method status="PASS" signature="tearDown()[pri:0, instance:scripts._17_TGStaticTableTest@5ec0a365]" name="tearDown" is-config="true" duration-ms="685" started-at="2023-06-05T18:50:10 MDT" finished-at="2023-06-05T18:50:11 MDT">
          <reporter-output>
          </reporter-output>
        </test-method> <!-- tearDown -->
        <test-method status="PASS" signature="setUp()[pri:0, instance:scripts._17_TGStaticTableTest@5ec0a365]" name="setUp" is-config="true" duration-ms="1626" started-at="2023-06-05T18:50:11 MDT" finished-at="2023-06-05T18:50:13 MDT">
          <reporter-output>
          </reporter-output>
        </test-method> <!-- setUp -->
        <test-method status="PASS" signature="setPage()[pri:0, instance:scripts._17_TGStaticTableTest@5ec0a365]" name="setPage" is-config="true" duration-ms="1201" started-at="2023-06-05T18:50:13 MDT" finished-at="2023-06-05T18:50:14 MDT">
          <reporter-output>
          </reporter-output>
        </test-method> <!-- setPage -->
        <test-method status="PASS" signature="validateFirstRow()[pri:0, instance:scripts._17_TGStaticTableTest@5ec0a365]" name="validateFirstRow" duration-ms="54" started-at="2023-06-05T18:50:14 MDT" finished-at="2023-06-05T18:50:14 MDT">
          <reporter-output>
          </reporter-output>
        </test-method> <!-- validateFirstRow -->
        <test-method status="PASS" signature="tearDown()[pri:0, instance:scripts._17_TGStaticTableTest@5ec0a365]" name="tearDown" is-config="true" duration-ms="696" started-at="2023-06-05T18:50:14 MDT" finished-at="2023-06-05T18:50:15 MDT">
          <reporter-output>
          </reporter-output>
        </test-method> <!-- tearDown -->
        <test-method status="PASS" signature="setUp()[pri:0, instance:scripts._17_TGStaticTableTest@5ec0a365]" name="setUp" is-config="true" duration-ms="1511" started-at="2023-06-05T18:50:15 MDT" finished-at="2023-06-05T18:50:16 MDT">
          <reporter-output>
          </reporter-output>
        </test-method> <!-- setUp -->
        <test-method status="PASS" signature="setPage()[pri:0, instance:scripts._17_TGStaticTableTest@5ec0a365]" name="setPage" is-config="true" duration-ms="1010" started-at="2023-06-05T18:50:16 MDT" finished-at="2023-06-05T18:50:17 MDT">
          <reporter-output>
          </reporter-output>
        </test-method> <!-- setPage -->
        <test-method status="PASS" signature="validateLastColumn()[pri:0, instance:scripts._17_TGStaticTableTest@5ec0a365]" name="validateLastColumn" duration-ms="122" started-at="2023-06-05T18:50:17 MDT" finished-at="2023-06-05T18:50:17 MDT">
          <reporter-output>
          </reporter-output>
        </test-method> <!-- validateLastColumn -->
        <test-method status="PASS" signature="tearDown()[pri:0, instance:scripts._17_TGStaticTableTest@5ec0a365]" name="tearDown" is-config="true" duration-ms="688" started-at="2023-06-05T18:50:17 MDT" finished-at="2023-06-05T18:50:18 MDT">
          <reporter-output>
          </reporter-output>
        </test-method> <!-- tearDown -->
        <test-method status="PASS" signature="setUp()[pri:0, instance:scripts._17_TGStaticTableTest@5ec0a365]" name="setUp" is-config="true" duration-ms="1621" started-at="2023-06-05T18:50:41 MDT" finished-at="2023-06-05T18:50:43 MDT">
          <reporter-output>
          </reporter-output>
        </test-method> <!-- setUp -->
        <test-method status="PASS" signature="setPage()[pri:0, instance:scripts._17_TGStaticTableTest@5ec0a365]" name="setPage" is-config="true" duration-ms="1227" started-at="2023-06-05T18:50:43 MDT" finished-at="2023-06-05T18:50:44 MDT">
          <reporter-output>
          </reporter-output>
        </test-method> <!-- setPage -->
        <test-method status="PASS" signature="validateTableHeader()[pri:0, instance:scripts._17_TGStaticTableTest@5ec0a365]" name="validateTableHeader" duration-ms="60" started-at="2023-06-05T18:50:44 MDT" finished-at="2023-06-05T18:50:44 MDT">
          <reporter-output>
          </reporter-output>
        </test-method> <!-- validateTableHeader -->
        <test-method status="PASS" signature="tearDown()[pri:0, instance:scripts._17_TGStaticTableTest@5ec0a365]" name="tearDown" is-config="true" duration-ms="697" started-at="2023-06-05T18:50:44 MDT" finished-at="2023-06-05T18:50:45 MDT">
          <reporter-output>
          </reporter-output>
        </test-method> <!-- tearDown -->
      </class> <!-- scripts._17_TGStaticTableTest -->
      <class name="scripts._18_TGSortableTableTest">
        <test-method status="PASS" signature="setUp()[pri:0, instance:scripts._18_TGSortableTableTest@4fe3c938]" name="setUp" is-config="true" duration-ms="1537" started-at="2023-06-05T18:50:45 MDT" finished-at="2023-06-05T18:50:46 MDT">
          <reporter-output>
          </reporter-output>
        </test-method> <!-- setUp -->
        <test-method status="PASS" signature="setPage()[pri:0, instance:scripts._18_TGSortableTableTest@4fe3c938]" name="setPage" is-config="true" duration-ms="1233" started-at="2023-06-05T18:50:46 MDT" finished-at="2023-06-05T18:50:48 MDT">
          <reporter-output>
          </reporter-output>
        </test-method> <!-- setPage -->
        <test-method status="PASS" signature="validateSortAscByQuantity()[pri:0, instance:scripts._18_TGSortableTableTest@4fe3c938]" name="validateSortAscByQuantity" duration-ms="2094" started-at="2023-06-05T18:50:48 MDT" finished-at="2023-06-05T18:50:50 MDT">
          <reporter-output>
          </reporter-output>
        </test-method> <!-- validateSortAscByQuantity -->
        <test-method status="PASS" signature="tearDown()[pri:0, instance:scripts._18_TGSortableTableTest@4fe3c938]" name="tearDown" is-config="true" duration-ms="685" started-at="2023-06-05T18:50:50 MDT" finished-at="2023-06-05T18:50:50 MDT">
          <reporter-output>
          </reporter-output>
        </test-method> <!-- tearDown -->
      </class> <!-- scripts._18_TGSortableTableTest -->
      <class name="scripts._11_TGDropdownsTest">
        <test-method status="PASS" signature="setUp()[pri:0, instance:scripts._11_TGDropdownsTest@4e1d422d]" name="setUp" is-config="true" duration-ms="1409" started-at="2023-06-05T18:53:08 MDT" finished-at="2023-06-05T18:53:09 MDT">
          <reporter-output>
          </reporter-output>
        </test-method> <!-- setUp -->
        <test-method status="PASS" signature="setPage()[pri:0, instance:scripts._11_TGDropdownsTest@4e1d422d]" name="setPage" is-config="true" duration-ms="977" started-at="2023-06-05T18:53:09 MDT" finished-at="2023-06-05T18:53:10 MDT">
          <reporter-output>
          </reporter-output>
        </test-method> <!-- setPage -->
        <test-method status="PASS" signature="dropdownTestCase()[pri:0, instance:scripts._11_TGDropdownsTest@4e1d422d]" name="dropdownTestCase" duration-ms="407" started-at="2023-06-05T18:53:10 MDT" finished-at="2023-06-05T18:53:11 MDT">
          <reporter-output>
          </reporter-output>
        </test-method> <!-- dropdownTestCase -->
        <test-method status="PASS" signature="tearDown()[pri:0, instance:scripts._11_TGDropdownsTest@4e1d422d]" name="tearDown" is-config="true" duration-ms="695" started-at="2023-06-05T18:53:11 MDT" finished-at="2023-06-05T18:53:11 MDT">
          <reporter-output>
          </reporter-output>
        </test-method> <!-- tearDown -->
        <test-method status="PASS" signature="setUp()[pri:0, instance:scripts._11_TGDropdownsTest@4e1d422d]" name="setUp" is-config="true" duration-ms="1441" started-at="2023-06-05T18:53:11 MDT" finished-at="2023-06-05T18:53:13 MDT">
          <reporter-output>
          </reporter-output>
        </test-method> <!-- setUp -->
        <test-method status="PASS" signature="setPage()[pri:0, instance:scripts._11_TGDropdownsTest@4e1d422d]" name="setPage" is-config="true" duration-ms="963" started-at="2023-06-05T18:53:13 MDT" finished-at="2023-06-05T18:53:14 MDT">
          <reporter-output>
          </reporter-output>
        </test-method> <!-- setPage -->
        <test-method status="PASS" signature="productColorTest()[pri:0, instance:scripts._11_TGDropdownsTest@4e1d422d]" name="productColorTest" duration-ms="167" started-at="2023-06-05T18:53:14 MDT" finished-at="2023-06-05T18:53:14 MDT">
          <reporter-output>
          </reporter-output>
        </test-method> <!-- productColorTest -->
        <test-method status="PASS" signature="tearDown()[pri:0, instance:scripts._11_TGDropdownsTest@4e1d422d]" name="tearDown" is-config="true" duration-ms="678" started-at="2023-06-05T18:53:14 MDT" finished-at="2023-06-05T18:53:15 MDT">
          <reporter-output>
          </reporter-output>
        </test-method> <!-- tearDown -->
        <test-method status="PASS" signature="setUp()[pri:0, instance:scripts._11_TGDropdownsTest@4e1d422d]" name="setUp" is-config="true" duration-ms="1430" started-at="2023-06-05T18:53:15 MDT" finished-at="2023-06-05T18:53:16 MDT">
          <reporter-output>
          </reporter-output>
        </test-method> <!-- setUp -->
        <test-method status="PASS" signature="setPage()[pri:0, instance:scripts._11_TGDropdownsTest@4e1d422d]" name="setPage" is-config="true" duration-ms="1221" started-at="2023-06-05T18:53:16 MDT" finished-at="2023-06-05T18:53:17 MDT">
          <reporter-output>
          </reporter-output>
        </test-method> <!-- setPage -->
        <test-method status="PASS" signature="productDeliveryTest()[pri:0, instance:scripts._11_TGDropdownsTest@4e1d422d]" name="productDeliveryTest" duration-ms="30107" started-at="2023-06-05T18:53:17 MDT" finished-at="2023-06-05T18:53:47 MDT">
          <reporter-output>
          </reporter-output>
        </test-method> <!-- productDeliveryTest -->
        <test-method status="PASS" signature="tearDown()[pri:0, instance:scripts._11_TGDropdownsTest@4e1d422d]" name="tearDown" is-config="true" duration-ms="713" started-at="2023-06-05T18:53:47 MDT" finished-at="2023-06-05T18:53:48 MDT">
          <reporter-output>
          </reporter-output>
        </test-method> <!-- tearDown -->
        <test-method status="PASS" signature="setUp()[pri:0, instance:scripts._11_TGDropdownsTest@4e1d422d]" name="setUp" is-config="true" duration-ms="1520" started-at="2023-06-05T18:53:48 MDT" finished-at="2023-06-05T18:53:50 MDT">
          <reporter-output>
          </reporter-output>
        </test-method> <!-- setUp -->
        <test-method status="PASS" signature="setPage()[pri:0, instance:scripts._11_TGDropdownsTest@4e1d422d]" name="setPage" is-config="true" duration-ms="1022" started-at="2023-06-05T18:53:50 MDT" finished-at="2023-06-05T18:53:51 MDT">
          <reporter-output>
          </reporter-output>
        </test-method> <!-- setPage -->
        <test-method status="PASS" signature="productDropdownTest()[pri:0, instance:scripts._11_TGDropdownsTest@4e1d422d]" name="productDropdownTest" duration-ms="96" started-at="2023-06-05T18:53:51 MDT" finished-at="2023-06-05T18:53:51 MDT">
          <reporter-output>
          </reporter-output>
        </test-method> <!-- productDropdownTest -->
        <test-method status="PASS" signature="tearDown()[pri:0, instance:scripts._11_TGDropdownsTest@4e1d422d]" name="tearDown" is-config="true" duration-ms="667" started-at="2023-06-05T18:53:51 MDT" finished-at="2023-06-05T18:53:51 MDT">
          <reporter-output>
          </reporter-output>
        </test-method> <!-- tearDown -->
      </class> <!-- scripts._11_TGDropdownsTest -->
      <class name="scripts._12_TGAlertsTest">
        <test-method status="PASS" signature="setUp()[pri:0, instance:scripts._12_TGAlertsTest@66480dd7]" name="setUp" is-config="true" duration-ms="1493" started-at="2023-06-05T18:53:51 MDT" finished-at="2023-06-05T18:53:53 MDT">
          <reporter-output>
          </reporter-output>
        </test-method> <!-- setUp -->
        <test-method status="PASS" signature="setPage()[pri:0, instance:scripts._12_TGAlertsTest@66480dd7]" name="setPage" is-config="true" duration-ms="881" started-at="2023-06-05T18:53:53 MDT" finished-at="2023-06-05T18:53:54 MDT">
          <reporter-output>
          </reporter-output>
        </test-method> <!-- setPage -->
        <test-method status="PASS" signature="confirmationAlert()[pri:0, instance:scripts._12_TGAlertsTest@66480dd7]" name="confirmationAlert" duration-ms="180" started-at="2023-06-05T18:53:54 MDT" finished-at="2023-06-05T18:53:54 MDT">
          <reporter-output>
          </reporter-output>
        </test-method> <!-- confirmationAlert -->
        <test-method status="PASS" signature="tearDown()[pri:0, instance:scripts._12_TGAlertsTest@66480dd7]" name="tearDown" is-config="true" duration-ms="655" started-at="2023-06-05T18:53:54 MDT" finished-at="2023-06-05T18:53:55 MDT">
          <reporter-output>
          </reporter-output>
        </test-method> <!-- tearDown -->
        <test-method status="PASS" signature="setUp()[pri:0, instance:scripts._12_TGAlertsTest@66480dd7]" name="setUp" is-config="true" duration-ms="1420" started-at="2023-06-05T18:53:55 MDT" finished-at="2023-06-05T18:53:56 MDT">
          <reporter-output>
          </reporter-output>
        </test-method> <!-- setUp -->
        <test-method status="PASS" signature="setPage()[pri:0, instance:scripts._12_TGAlertsTest@66480dd7]" name="setPage" is-config="true" duration-ms="866" started-at="2023-06-05T18:53:56 MDT" finished-at="2023-06-05T18:53:57 MDT">
          <reporter-output>
          </reporter-output>
        </test-method> <!-- setPage -->
        <test-method status="PASS" signature="warningAlert()[pri:0, instance:scripts._12_TGAlertsTest@66480dd7]" name="warningAlert" duration-ms="127" started-at="2023-06-05T18:53:57 MDT" finished-at="2023-06-05T18:53:57 MDT">
          <reporter-output>
          </reporter-output>
        </test-method> <!-- warningAlert -->
        <test-method status="PASS" signature="tearDown()[pri:0, instance:scripts._12_TGAlertsTest@66480dd7]" name="tearDown" is-config="true" duration-ms="712" started-at="2023-06-05T18:53:57 MDT" finished-at="2023-06-05T18:53:58 MDT">
          <reporter-output>
          </reporter-output>
        </test-method> <!-- tearDown -->
      </class> <!-- scripts._12_TGAlertsTest -->
      <class name="scripts._02_AppleTest">
        <test-method status="PASS" signature="setup()[pri:0, instance:scripts._02_AppleTest@2038ae61]" name="setup" is-config="true" duration-ms="2925" started-at="2023-06-05T18:51:31 MDT" finished-at="2023-06-05T18:51:34 MDT">
          <reporter-output>
          </reporter-output>
        </test-method> <!-- setup -->
        <test-method status="PASS" signature="validateTitleAndURL()[pri:0, instance:scripts._02_AppleTest@2038ae61]" name="validateTitleAndURL" duration-ms="27" started-at="2023-06-05T18:51:34 MDT" finished-at="2023-06-05T18:51:34 MDT">
          <reporter-output>
          </reporter-output>
        </test-method> <!-- validateTitleAndURL -->
        <test-method status="PASS" signature="tearDown()[pri:0, instance:scripts._02_AppleTest@2038ae61]" name="tearDown" is-config="true" duration-ms="2746" started-at="2023-06-05T18:51:34 MDT" finished-at="2023-06-05T18:51:37 MDT">
          <reporter-output>
          </reporter-output>
        </test-method> <!-- tearDown -->
      </class> <!-- scripts._02_AppleTest -->
      <class name="scripts._04_TGLocatorsTest">
        <test-method status="PASS" signature="setUp()[pri:0, instance:scripts._04_TGLocatorsTest@31dc339b]" name="setUp" is-config="true" duration-ms="1442" started-at="2023-06-05T18:51:53 MDT" finished-at="2023-06-05T18:51:55 MDT">
          <reporter-output>
          </reporter-output>
        </test-method> <!-- setUp -->
        <test-method status="PASS" signature="setPage()[pri:0, instance:scripts._04_TGLocatorsTest@31dc339b]" name="setPage" is-config="true" duration-ms="1036" started-at="2023-06-05T18:51:55 MDT" finished-at="2023-06-05T18:51:56 MDT">
          <reporter-output>
          </reporter-output>
        </test-method> <!-- setPage -->
        <test-method status="PASS" signature="validateAutomationTools()[pri:0, instance:scripts._04_TGLocatorsTest@31dc339b]" name="validateAutomationTools" duration-ms="123" started-at="2023-06-05T18:51:56 MDT" finished-at="2023-06-05T18:51:56 MDT">
          <reporter-output>
          </reporter-output>
        </test-method> <!-- validateAutomationTools -->
        <test-method status="PASS" signature="tearDown()[pri:0, instance:scripts._04_TGLocatorsTest@31dc339b]" name="tearDown" is-config="true" duration-ms="649" started-at="2023-06-05T18:51:56 MDT" finished-at="2023-06-05T18:51:57 MDT">
          <reporter-output>
          </reporter-output>
        </test-method> <!-- tearDown -->
        <test-method status="PASS" signature="setUp()[pri:0, instance:scripts._04_TGLocatorsTest@31dc339b]" name="setUp" is-config="true" duration-ms="1450" started-at="2023-06-05T18:51:57 MDT" finished-at="2023-06-05T18:51:58 MDT">
          <reporter-output>
          </reporter-output>
        </test-method> <!-- setUp -->
        <test-method status="PASS" signature="setPage()[pri:0, instance:scripts._04_TGLocatorsTest@31dc339b]" name="setPage" is-config="true" duration-ms="1061" started-at="2023-06-05T18:51:58 MDT" finished-at="2023-06-05T18:51:59 MDT">
          <reporter-output>
          </reporter-output>
        </test-method> <!-- setPage -->
        <test-method status="PASS" signature="validateLanguages()[pri:0, instance:scripts._04_TGLocatorsTest@31dc339b]" name="validateLanguages" duration-ms="135" started-at="2023-06-05T18:51:59 MDT" finished-at="2023-06-05T18:51:59 MDT">
          <reporter-output>
          </reporter-output>
        </test-method> <!-- validateLanguages -->
        <test-method status="PASS" signature="tearDown()[pri:0, instance:scripts._04_TGLocatorsTest@31dc339b]" name="tearDown" is-config="true" duration-ms="684" started-at="2023-06-05T18:51:59 MDT" finished-at="2023-06-05T18:52:00 MDT">
          <reporter-output>
          </reporter-output>
        </test-method> <!-- tearDown -->
        <test-method status="PASS" signature="setUp()[pri:0, instance:scripts._04_TGLocatorsTest@31dc339b]" name="setUp" is-config="true" duration-ms="1444" started-at="2023-06-05T18:52:00 MDT" finished-at="2023-06-05T18:52:01 MDT">
          <reporter-output>
          </reporter-output>
        </test-method> <!-- setUp -->
        <test-method status="PASS" signature="setPage()[pri:0, instance:scripts._04_TGLocatorsTest@31dc339b]" name="setPage" is-config="true" duration-ms="1075" started-at="2023-06-05T18:52:01 MDT" finished-at="2023-06-05T18:52:02 MDT">
          <reporter-output>
          </reporter-output>
        </test-method> <!-- setPage -->
        <test-method status="PASS" signature="validateListHeaders()[pri:0, instance:scripts._04_TGLocatorsTest@31dc339b]" name="validateListHeaders" duration-ms="101" started-at="2023-06-05T18:52:02 MDT" finished-at="2023-06-05T18:52:03 MDT">
          <reporter-output>
          </reporter-output>
        </test-method> <!-- validateListHeaders -->
        <test-method status="PASS" signature="tearDown()[pri:0, instance:scripts._04_TGLocatorsTest@31dc339b]" name="tearDown" is-config="true" duration-ms="665" started-at="2023-06-05T18:52:03 MDT" finished-at="2023-06-05T18:52:03 MDT">
          <reporter-output>
          </reporter-output>
        </test-method> <!-- tearDown -->
        <test-method status="PASS" signature="setUp()[pri:0, instance:scripts._04_TGLocatorsTest@31dc339b]" name="setUp" is-config="true" duration-ms="1416" started-at="2023-06-05T18:52:03 MDT" finished-at="2023-06-05T18:52:05 MDT">
          <reporter-output>
          </reporter-output>
        </test-method> <!-- setUp -->
        <test-method status="PASS" signature="setPage()[pri:0, instance:scripts._04_TGLocatorsTest@31dc339b]" name="setPage" is-config="true" duration-ms="863" started-at="2023-06-05T18:52:05 MDT" finished-at="2023-06-05T18:52:06 MDT">
          <reporter-output>
          </reporter-output>
        </test-method> <!-- setPage -->
        <test-method status="PASS" signature="validateTheHeader()[pri:0, instance:scripts._04_TGLocatorsTest@31dc339b]" name="validateTheHeader" duration-ms="70" started-at="2023-06-05T18:52:06 MDT" finished-at="2023-06-05T18:52:06 MDT">
          <reporter-output>
          </reporter-output>
        </test-method> <!-- validateTheHeader -->
        <test-method status="PASS" signature="tearDown()[pri:0, instance:scripts._04_TGLocatorsTest@31dc339b]" name="tearDown" is-config="true" duration-ms="696" started-at="2023-06-05T18:52:06 MDT" finished-at="2023-06-05T18:52:06 MDT">
          <reporter-output>
          </reporter-output>
        </test-method> <!-- tearDown -->
      </class> <!-- scripts._04_TGLocatorsTest -->
      <class name="scripts._09_TGCheckboxTest">
        <test-method status="PASS" signature="setUp()[pri:0, instance:scripts._09_TGCheckboxTest@a67c67e]" name="setUp" is-config="true" duration-ms="1474" started-at="2023-06-05T18:52:54 MDT" finished-at="2023-06-05T18:52:56 MDT">
          <reporter-output>
          </reporter-output>
        </test-method> <!-- setUp -->
        <test-method status="PASS" signature="setPage()[pri:0, instance:scripts._09_TGCheckboxTest@a67c67e]" name="setPage" is-config="true" duration-ms="951" started-at="2023-06-05T18:52:56 MDT" finished-at="2023-06-05T18:52:57 MDT">
          <reporter-output>
          </reporter-output>
        </test-method> <!-- setPage -->
        <test-method status="PASS" signature="checkboxTest()[pri:0, instance:scripts._09_TGCheckboxTest@a67c67e]" name="checkboxTest" duration-ms="297" started-at="2023-06-05T18:52:57 MDT" finished-at="2023-06-05T18:52:57 MDT">
          <reporter-output>
          </reporter-output>
        </test-method> <!-- checkboxTest -->
        <test-method status="PASS" signature="tearDown()[pri:0, instance:scripts._09_TGCheckboxTest@a67c67e]" name="tearDown" is-config="true" duration-ms="671" started-at="2023-06-05T18:52:57 MDT" finished-at="2023-06-05T18:52:58 MDT">
          <reporter-output>
          </reporter-output>
        </test-method> <!-- tearDown -->
        <test-method status="PASS" signature="setUp()[pri:0, instance:scripts._09_TGCheckboxTest@a67c67e]" name="setUp" is-config="true" duration-ms="1425" started-at="2023-06-05T18:52:58 MDT" finished-at="2023-06-05T18:52:59 MDT">
          <reporter-output>
          </reporter-output>
        </test-method> <!-- setUp -->
        <test-method status="PASS" signature="setPage()[pri:0, instance:scripts._09_TGCheckboxTest@a67c67e]" name="setPage" is-config="true" duration-ms="887" started-at="2023-06-05T18:52:59 MDT" finished-at="2023-06-05T18:53:00 MDT">
          <reporter-output>
          </reporter-output>
        </test-method> <!-- setPage -->
        <test-method status="PASS" signature="checkboxTest2()[pri:0, instance:scripts._09_TGCheckboxTest@a67c67e]" name="checkboxTest2" duration-ms="283" started-at="2023-06-05T18:53:00 MDT" finished-at="2023-06-05T18:53:00 MDT">
          <reporter-output>
          </reporter-output>
        </test-method> <!-- checkboxTest2 -->
        <test-method status="PASS" signature="tearDown()[pri:0, instance:scripts._09_TGCheckboxTest@a67c67e]" name="tearDown" is-config="true" duration-ms="667" started-at="2023-06-05T18:53:00 MDT" finished-at="2023-06-05T18:53:01 MDT">
          <reporter-output>
          </reporter-output>
        </test-method> <!-- tearDown -->
      </class> <!-- scripts._09_TGCheckboxTest -->
      <class name="scripts._10_TGRadioButtonsTest">
        <test-method status="PASS" signature="setUp()[pri:0, instance:scripts._10_TGRadioButtonsTest@3327bd23]" name="setUp" is-config="true" duration-ms="1520" started-at="2023-06-05T18:53:01 MDT" finished-at="2023-06-05T18:53:02 MDT">
          <reporter-output>
          </reporter-output>
        </test-method> <!-- setUp -->
        <test-method status="PASS" signature="setPage()[pri:0, instance:scripts._10_TGRadioButtonsTest@3327bd23]" name="setPage" is-config="true" duration-ms="939" started-at="2023-06-05T18:53:02 MDT" finished-at="2023-06-05T18:53:03 MDT">
          <reporter-output>
          </reporter-output>
        </test-method> <!-- setPage -->
        <test-method status="PASS" signature="radioButtonsTest()[pri:0, instance:scripts._10_TGRadioButtonsTest@3327bd23]" name="radioButtonsTest" duration-ms="273" started-at="2023-06-05T18:53:03 MDT" finished-at="2023-06-05T18:53:04 MDT">
          <reporter-output>
          </reporter-output>
        </test-method> <!-- radioButtonsTest -->
        <test-method status="PASS" signature="tearDown()[pri:0, instance:scripts._10_TGRadioButtonsTest@3327bd23]" name="tearDown" is-config="true" duration-ms="681" started-at="2023-06-05T18:53:04 MDT" finished-at="2023-06-05T18:53:04 MDT">
          <reporter-output>
          </reporter-output>
        </test-method> <!-- tearDown -->
        <test-method status="PASS" signature="setUp()[pri:0, instance:scripts._10_TGRadioButtonsTest@3327bd23]" name="setUp" is-config="true" duration-ms="1482" started-at="2023-06-05T18:53:04 MDT" finished-at="2023-06-05T18:53:06 MDT">
          <reporter-output>
          </reporter-output>
        </test-method> <!-- setUp -->
        <test-method status="PASS" signature="setPage()[pri:0, instance:scripts._10_TGRadioButtonsTest@3327bd23]" name="setPage" is-config="true" duration-ms="1166" started-at="2023-06-05T18:53:06 MDT" finished-at="2023-06-05T18:53:07 MDT">
          <reporter-output>
          </reporter-output>
        </test-method> <!-- setPage -->
        <test-method status="PASS" signature="validatePracticeMore()[pri:0, instance:scripts._10_TGRadioButtonsTest@3327bd23]" name="validatePracticeMore" duration-ms="260" started-at="2023-06-05T18:53:07 MDT" finished-at="2023-06-05T18:53:07 MDT">
          <reporter-output>
          </reporter-output>
        </test-method> <!-- validatePracticeMore -->
        <test-method status="PASS" signature="tearDown()[pri:0, instance:scripts._10_TGRadioButtonsTest@3327bd23]" name="tearDown" is-config="true" duration-ms="662" started-at="2023-06-05T18:53:07 MDT" finished-at="2023-06-05T18:53:08 MDT">
          <reporter-output>
          </reporter-output>
        </test-method> <!-- tearDown -->
      </class> <!-- scripts._10_TGRadioButtonsTest -->
      <class name="scripts._14_MultipleWindowsTest">
        <test-method status="PASS" signature="setUp()[pri:0, instance:scripts._14_MultipleWindowsTest@5ce81285]" name="setUp" is-config="true" duration-ms="1430" started-at="2023-06-05T18:54:05 MDT" finished-at="2023-06-05T18:54:06 MDT">
          <reporter-output>
          </reporter-output>
        </test-method> <!-- setUp -->
        <test-method status="PASS" signature="setPage()[pri:0, instance:scripts._14_MultipleWindowsTest@5ce81285]" name="setPage" is-config="true" duration-ms="923" started-at="2023-06-05T18:54:06 MDT" finished-at="2023-06-05T18:54:07 MDT">
          <reporter-output>
          </reporter-output>
        </test-method> <!-- setPage -->
        <test-method status="PASS" signature="validateTheAppleNavigation()[pri:1, instance:scripts._14_MultipleWindowsTest@5ce81285]" name="validateTheAppleNavigation" duration-ms="891" started-at="2023-06-05T18:54:07 MDT" description="TC123: Validate the IFrame Page content paragraph" finished-at="2023-06-05T18:54:08 MDT">
          <reporter-output>
          </reporter-output>
        </test-method> <!-- validateTheAppleNavigation -->
        <test-method status="PASS" signature="tearDown()[pri:0, instance:scripts._14_MultipleWindowsTest@5ce81285]" name="tearDown" is-config="true" duration-ms="710" started-at="2023-06-05T18:54:08 MDT" finished-at="2023-06-05T18:54:08 MDT">
          <reporter-output>
          </reporter-output>
        </test-method> <!-- tearDown -->
        <test-method status="PASS" signature="setUp()[pri:0, instance:scripts._14_MultipleWindowsTest@5ce81285]" name="setUp" is-config="true" duration-ms="1393" started-at="2023-06-05T18:54:08 MDT" finished-at="2023-06-05T18:54:10 MDT">
          <reporter-output>
          </reporter-output>
        </test-method> <!-- setUp -->
        <test-method status="PASS" signature="setPage()[pri:0, instance:scripts._14_MultipleWindowsTest@5ce81285]" name="setPage" is-config="true" duration-ms="867" started-at="2023-06-05T18:54:10 MDT" finished-at="2023-06-05T18:54:11 MDT">
          <reporter-output>
          </reporter-output>
        </test-method> <!-- setPage -->
        <test-method status="PASS" signature="validateTheMicrosoftNavigation()[pri:2, instance:scripts._14_MultipleWindowsTest@5ce81285]" name="validateTheMicrosoftNavigation" duration-ms="1939" started-at="2023-06-05T18:54:11 MDT" description="TC345 Validate the form submission" finished-at="2023-06-05T18:54:13 MDT">
          <reporter-output>
          </reporter-output>
        </test-method> <!-- validateTheMicrosoftNavigation -->
        <test-method status="PASS" signature="tearDown()[pri:0, instance:scripts._14_MultipleWindowsTest@5ce81285]" name="tearDown" is-config="true" duration-ms="1022" started-at="2023-06-05T18:54:13 MDT" finished-at="2023-06-05T18:54:14 MDT">
          <reporter-output>
          </reporter-output>
        </test-method> <!-- tearDown -->
        <test-method status="PASS" signature="setUp()[pri:0, instance:scripts._14_MultipleWindowsTest@5ce81285]" name="setUp" is-config="true" duration-ms="1416" started-at="2023-06-05T18:54:14 MDT" finished-at="2023-06-05T18:54:15 MDT">
          <reporter-output>
          </reporter-output>
        </test-method> <!-- setUp -->
        <test-method status="PASS" signature="setPage()[pri:0, instance:scripts._14_MultipleWindowsTest@5ce81285]" name="setPage" is-config="true" duration-ms="958" started-at="2023-06-05T18:54:15 MDT" finished-at="2023-06-05T18:54:16 MDT">
          <reporter-output>
          </reporter-output>
        </test-method> <!-- setPage -->
        <test-method status="PASS" signature="validateTheTeslaNavigation()[pri:3, instance:scripts._14_MultipleWindowsTest@5ce81285]" name="validateTheTeslaNavigation" duration-ms="2077" started-at="2023-06-05T18:54:16 MDT" description="TC323 Validate the Tesla navigation" finished-at="2023-06-05T18:54:18 MDT">
          <reporter-output>
          </reporter-output>
        </test-method> <!-- validateTheTeslaNavigation -->
        <test-method status="PASS" signature="tearDown()[pri:0, instance:scripts._14_MultipleWindowsTest@5ce81285]" name="tearDown" is-config="true" duration-ms="688" started-at="2023-06-05T18:54:18 MDT" finished-at="2023-06-05T18:54:19 MDT">
          <reporter-output>
          </reporter-output>
        </test-method> <!-- tearDown -->
        <test-method status="PASS" signature="setUp()[pri:0, instance:scripts._14_MultipleWindowsTest@5ce81285]" name="setUp" is-config="true" duration-ms="1602" started-at="2023-06-05T18:54:19 MDT" finished-at="2023-06-05T18:54:20 MDT">
          <reporter-output>
          </reporter-output>
        </test-method> <!-- setUp -->
        <test-method status="PASS" signature="setPage()[pri:0, instance:scripts._14_MultipleWindowsTest@5ce81285]" name="setPage" is-config="true" duration-ms="818" started-at="2023-06-05T18:54:20 MDT" finished-at="2023-06-05T18:54:21 MDT">
          <reporter-output>
          </reporter-output>
        </test-method> <!-- setPage -->
        <test-method status="PASS" signature="validateTheLinkURLs()[pri:4, instance:scripts._14_MultipleWindowsTest@5ce81285]" name="validateTheLinkURLs" duration-ms="12995" started-at="2023-06-05T18:54:21 MDT" description="Validate link URLs" finished-at="2023-06-05T18:54:34 MDT">
          <reporter-output>
          </reporter-output>
        </test-method> <!-- validateTheLinkURLs -->
        <test-method status="PASS" signature="tearDown()[pri:0, instance:scripts._14_MultipleWindowsTest@5ce81285]" name="tearDown" is-config="true" duration-ms="741" started-at="2023-06-05T18:54:34 MDT" finished-at="2023-06-05T18:54:35 MDT">
          <reporter-output>
          </reporter-output>
        </test-method> <!-- tearDown -->
      </class> <!-- scripts._14_MultipleWindowsTest -->
    </test> <!-- /Users/akinkaya/IdeaProjects/ui_automation_6/src/test/java/scripts -->
  </suite> <!-- All Test Suite -->
</testng-results>
